2025-08-10 13:05:40,287 [qtp1265210847-14] ERROR (RequestLoggingFilter@logError():1042) - *ServletException occurred.
/= = = = = = = = = = = = = = = = = = = = = = = = = = = = = = = = = = =: /api/welcome/create
  requestClass=org.eclipse.jetty.server.Request ; sessionId=node018slo0k7da3vc1w81syzmv5urf5.node0
  ; url=http://localhost:8926/api/welcome/create
  ; method=POST ; protocol=HTTP/1.1 ; scheme=http ; secure=false ; remoteAddr=[0:0:0:0:0:0:0:1] ; remoteHost=[0:0:0:0:0:0:0:1]
  ; characterEncoding=UTF-8 ; contentLength=396 ; contentType=application/json ; locale=ja ; locales=ja,en_US,en
  [header] Accept=*/*
  [header] Accept-Encoding=gzip, deflate, br, zstd
  [header] Accept-Language=ja,en-US;q=0.9,en;q=0.8
  [header] Connection=keep-alive
  [header] Content-Length=396
  [header] Content-Type=application/json
  [header] Cookie=JSESSIONID=node018slo0k7da3vc1w81syzmv5urf5.node0
  [header] Host=localhost:8926
  [header] Origin=http://localhost:8926
  [header] Referer=http://localhost:8926/
  [header] Sec-Fetch-Dest=empty
  [header] Sec-Fetch-Mode=cors
  [header] Sec-Fetch-Site=same-origin
  [header] User-Agent=Mozilla/5.0 (Macintosh; Intel Mac OS X 10_15_7) AppleWebKit/537.36 (KHTML, like Gecko) Chrome/129.0.0.0 Safari/537.36
  [header] sec-ch-ua="Google Chrome";v="129", "Not=A?Brand";v="8", "Chromium";v="129"
  [header] sec-ch-ua-mobile=?0
  [header] sec-ch-ua-platform="macOS"
  [cookie] JSESSIONID=node018slo0k7da3vc1w81syzmv5urf5.node0
  [request] lastaflute.action.ACTION_RUMTIME=runtime:{/api/welcome/create, public JsonResponse<Void> WelcomeAction@create(WelcomeCreateBody), pathParam:{{}}, *IllegalStateException}
  [request] lastaflute.action.REQUEST_BODY=wholeShow:{"client":{"projectName":"test","databaseCode":"postgresql","create":true,"mainSchemaSettings":{"user":"test","url":"jdbc:postgresql://localhost:5432/xxx","schema":"public","password":"test"},"schemaSyncCheckMap":{},"dbfluteVersion":"1.2.9","packageBase":"org.docksidestage.dbflute","containerCode":"lasta_di","languageCode":"java","jdbcDriverFqcn":"org.postgresql.Driver"},"testConnection":true}
  [request] lastaflute.action.USER_LOCALE=ja
  [request] lastaflute.config.ACTION_EXECUTE=execute:{public JsonResponse<Void> WelcomeAction@create(WelcomeCreateBody), urlPattern:{create, ^create$}}@6c890991
  [request] lastaflute.dbflute.SQL_COUNT={total=1, selectCB=1}
  [request] lastaflute.dbflute.TRANSACTION_MEMORIES=wholeShow:
   *RomanticTransaction@7668964
   << Transaction Current State >>
   beginning time: 2025/08/10 13:04:21.197
   table command: map:{CLS_TARGET_DATABASE = list:{selectEntity}}
   ending: rollback
   << Transaction Recent Result >>
   1. (2025/08/10 13:04:21.334) [00m00s045ms] CLS_TARGET_DATABASE@selectEntity => ClsTargetDatabase:{DATABASE_CODE=postgresql}
  [request] welcome_welcomeAction=org.dbflute.intro.app.web.welcome.WelcomeAction@603a9d82
  [request] welcome_welcomeAction_create_Form=VirtualForm:{formMeta:{welcome_welcomeAction_create_Form, org.dbflute.intro.app.web.welcome.WelcomeCreateBody, props=3}, realForm=org.dbflute.intro.app.web.welcome.WelcomeCreateBody@3e7ad251}@712abd3b
  [session] lastaflute.action.USER_LOCALE=ja
  responseClass=org.eclipse.jetty.server.Response ; committed=true
  ; httpStatus=500 ; contentType=application/json;charset=utf-8 ; locale=ja_JP
  [header] Content-Type=application/json;charset=utf-8
  [header] Date=Sun, 10 Aug 2025 04:04:21 GMT
= = = = = = = = = =/ [01m19s230ms] #1028598f
java.lang.IllegalStateException: Failed to copy the downloaded data to zip file: /Users/r_hasuda/git/Omikuji_Kadai_6/omikuji_kadai6/dbflute_intro/./mydbflute/dbflute-1.2.9.zip
	at org.dbflute.intro.app.logic.engine.EngineInstallLogic.doDownloadToZip(EngineInstallLogic.java:86)
	at org.dbflute.intro.app.logic.engine.EngineInstallLogic.downloadUnzipping(EngineInstallLogic.java:74)
	at org.dbflute.intro.app.web.welcome.WelcomeAction.create(WelcomeAction.java:104)
	at java.base/jdk.internal.reflect.NativeMethodAccessorImpl.invoke0(Native Method)
	at java.base/jdk.internal.reflect.NativeMethodAccessorImpl.invoke(NativeMethodAccessorImpl.java:62)
	at java.base/jdk.internal.reflect.DelegatingMethodAccessorImpl.invoke(DelegatingMethodAccessorImpl.java:43)
	at java.base/java.lang.reflect.Method.invoke(Method.java:564)
	at org.lastaflute.web.ruts.GodHandableAction.invokeExecuteMethod(GodHandableAction.java:358)
	at org.lastaflute.web.ruts.GodHandableAction.actuallyExecute(GodHandableAction.java:329)
	at org.lastaflute.web.ruts.GodHandableAction.doExecute(GodHandableAction.java:152)
	at org.lastaflute.web.ruts.GodHandableAction.lambda$transactionalExecute$0(GodHandableAction.java:143)
	at org.lastaflute.db.jta.stage.JTATransactionStage.performTx(JTATransactionStage.java:102)
	at org.lastaflute.db.jta.stage.JTATransactionStage.lambda$requiresNew$1(JTATransactionStage.java:59)
	at org.lastaflute.di.tx.adapter.JTATransactionManagerAdapter.requiresNew(JTATransactionManagerAdapter.java:73)
	at org.lastaflute.db.jta.stage.JTATransactionStage.requiresNew(JTATransactionStage.java:58)
	at org.lastaflute.db.jta.stage.JTATransactionStage.selectable(JTATransactionStage.java:84)
	at org.lastaflute.web.ruts.GodHandableAction.transactionalExecute(GodHandableAction.java:142)
	at org.lastaflute.web.ruts.GodHandableAction.execute(GodHandableAction.java:117)
	at org.lastaflute.web.ruts.ActionRequestProcessor.performAction(ActionRequestProcessor.java:253)
	at org.lastaflute.web.ruts.ActionRequestProcessor.fire(ActionRequestProcessor.java:182)
	at org.lastaflute.web.ruts.ActionRequestProcessor.process(ActionRequestProcessor.java:114)
	at org.lastaflute.web.servlet.filter.RequestRoutingFilter.processAction(RequestRoutingFilter.java:289)
	at org.lastaflute.web.servlet.filter.RequestRoutingFilter.routingToAction(RequestRoutingFilter.java:227)
	at org.lastaflute.web.servlet.filter.RequestRoutingFilter.lambda$createActionFoundPathHandler$0(RequestRoutingFilter.java:201)
	at org.lastaflute.web.path.ActionPathResolver.executeHandlerIfFound(ActionPathResolver.java:324)
	at org.lastaflute.web.path.ActionPathResolver.mappingActionPath(ActionPathResolver.java:190)
	at org.lastaflute.web.path.ActionPathResolver.handleActionPath(ActionPathResolver.java:114)
	at org.lastaflute.web.servlet.filter.RequestRoutingFilter.doFilter(RequestRoutingFilter.java:132)
	at org.lastaflute.web.servlet.filter.LastaToActionFilter.viaEmbeddedFilter(LastaToActionFilter.java:153)
	at org.lastaflute.web.servlet.filter.LastaToActionFilter.viaInsideHookDeque(LastaToActionFilter.java:144)
	at org.lastaflute.web.servlet.filter.LastaToActionFilter.viaInsideHook(LastaToActionFilter.java:128)
	at org.lastaflute.web.servlet.filter.LastaToActionFilter.doFilter(LastaToActionFilter.java:120)
	at org.lastaflute.web.LastaFilter.lambda$null$0(LastaFilter.java:83)
	at org.lastaflute.web.servlet.filter.LastaShowbaseFilter.toNextChain(LastaShowbaseFilter.java:171)
	at org.lastaflute.web.servlet.filter.LastaShowbaseFilter.lambda$viaEmbeddedFilter$3(LastaShowbaseFilter.java:150)
	at org.lastaflute.web.servlet.filter.RequestLoggingFilter.actuallyFilter(RequestLoggingFilter.java:237)
	at org.lastaflute.web.servlet.filter.RequestLoggingFilter.doFilter(RequestLoggingFilter.java:209)
	at org.lastaflute.web.servlet.filter.LastaShowbaseFilter.viaEmbeddedFilter(LastaShowbaseFilter.java:148)
	at org.lastaflute.web.servlet.filter.LastaShowbaseFilter.viaOutsideHookDeque(LastaShowbaseFilter.java:139)
	at org.lastaflute.web.servlet.filter.LastaShowbaseFilter.viaOutsideHook(LastaShowbaseFilter.java:123)
	at org.lastaflute.web.servlet.filter.LastaShowbaseFilter.doFilter(LastaShowbaseFilter.java:115)
	at org.lastaflute.web.LastaFilter.lambda$doFilter$1(LastaFilter.java:82)
	at org.lastaflute.web.servlet.filter.LastaPrepareFilter.toNextFilter(LastaPrepareFilter.java:280)
	at org.lastaflute.web.servlet.filter.LastaPrepareFilter.viaHotdeploy(LastaPrepareFilter.java:243)
	at org.lastaflute.web.servlet.filter.LastaPrepareFilter.viaLastaDiContext(LastaPrepareFilter.java:230)
	at org.lastaflute.web.servlet.filter.LastaPrepareFilter.doFilter(LastaPrepareFilter.java:203)
	at org.lastaflute.web.LastaFilter.doFilter(LastaFilter.java:81)
	at org.eclipse.jetty.servlet.FilterHolder.doFilter(FilterHolder.java:201)
	at org.eclipse.jetty.servlet.ServletHandler$Chain.doFilter(ServletHandler.java:1601)
	at org.eclipse.jetty.servlet.ServletHandler.doHandle(ServletHandler.java:548)
	at org.eclipse.jetty.server.handler.ScopedHandler.handle(ScopedHandler.java:143)
	at org.eclipse.jetty.security.SecurityHandler.handle(SecurityHandler.java:602)
	at org.eclipse.jetty.server.handler.HandlerWrapper.handle(HandlerWrapper.java:127)
	at org.eclipse.jetty.server.handler.ScopedHandler.nextHandle(ScopedHandler.java:235)
	at org.eclipse.jetty.server.session.SessionHandler.doHandle(SessionHandler.java:1624)
	at org.eclipse.jetty.server.handler.ScopedHandler.nextHandle(ScopedHandler.java:233)
	at org.eclipse.jetty.server.handler.ContextHandler.doHandle(ContextHandler.java:1435)
	at org.eclipse.jetty.server.handler.ScopedHandler.nextScope(ScopedHandler.java:188)
	at org.eclipse.jetty.servlet.ServletHandler.doScope(ServletHandler.java:501)
	at org.eclipse.jetty.server.session.SessionHandler.doScope(SessionHandler.java:1594)
	at org.eclipse.jetty.server.handler.ScopedHandler.nextScope(ScopedHandler.java:186)
	at org.eclipse.jetty.server.handler.ContextHandler.doScope(ContextHandler.java:1350)
	at org.eclipse.jetty.server.handler.ScopedHandler.handle(ScopedHandler.java:141)
	at org.eclipse.jetty.server.handler.HandlerWrapper.handle(HandlerWrapper.java:127)
	at org.eclipse.jetty.server.Server.handle(Server.java:516)
	at org.eclipse.jetty.server.HttpChannel.lambda$handle$1(HttpChannel.java:388)
	at org.eclipse.jetty.server.HttpChannel.dispatch(HttpChannel.java:633)
	at org.eclipse.jetty.server.HttpChannel.handle(HttpChannel.java:380)
	at org.eclipse.jetty.server.HttpConnection.onFillable(HttpConnection.java:277)
	at org.eclipse.jetty.io.AbstractConnection$ReadCallback.succeeded(AbstractConnection.java:311)
	at org.eclipse.jetty.io.FillInterest.fillable(FillInterest.java:105)
	at org.eclipse.jetty.io.ChannelEndPoint$1.run(ChannelEndPoint.java:104)
	at org.eclipse.jetty.util.thread.QueuedThreadPool.runJob(QueuedThreadPool.java:882)
	at org.eclipse.jetty.util.thread.QueuedThreadPool$Runner.run(QueuedThreadPool.java:1036)
	at java.base/java.lang.Thread.run(Thread.java:832)
Caused by: java.net.ConnectException: Operation timed out
	at java.base/sun.nio.ch.Net.connect0(Native Method)
	at java.base/sun.nio.ch.Net.connect(Net.java:503)
	at java.base/sun.nio.ch.Net.connect(Net.java:492)
	at java.base/sun.nio.ch.NioSocketImpl.connect(NioSocketImpl.java:588)
	at java.base/java.net.SocksSocketImpl.connect(SocksSocketImpl.java:333)
	at java.base/java.net.Socket.connect(Socket.java:648)
	at java.base/sun.security.ssl.SSLSocketImpl.connect(SSLSocketImpl.java:290)
	at java.base/sun.security.ssl.BaseSSLSocketImpl.connect(BaseSSLSocketImpl.java:173)
	at java.base/sun.net.NetworkClient.doConnect(NetworkClient.java:182)
	at java.base/sun.net.www.http.HttpClient.openServer(HttpClient.java:474)
	at java.base/sun.net.www.http.HttpClient.openServer(HttpClient.java:569)
	at java.base/sun.net.www.protocol.https.HttpsClient.<init>(HttpsClient.java:265)
	at java.base/sun.net.www.protocol.https.HttpsClient.New(HttpsClient.java:372)
	at java.base/sun.net.www.protocol.https.AbstractDelegateHttpsURLConnection.getNewHttpClient(AbstractDelegateHttpsURLConnection.java:177)
	at java.base/sun.net.www.protocol.http.HttpURLConnection.plainConnect0(HttpURLConnection.java:1194)
	at java.base/sun.net.www.protocol.http.HttpURLConnection.plainConnect(HttpURLConnection.java:1082)
	at java.base/sun.net.www.protocol.https.AbstractDelegateHttpsURLConnection.connect(AbstractDelegateHttpsURLConnection.java:163)
	at java.base/sun.net.www.protocol.http.HttpURLConnection.getInputStream0(HttpURLConnection.java:1595)
	at java.base/sun.net.www.protocol.http.HttpURLConnection.getInputStream(HttpURLConnection.java:1523)
	at java.base/sun.net.www.protocol.https.HttpsURLConnectionImpl.getInputStream(HttpsURLConnectionImpl.java:224)
	at java.base/java.net.URL.openStream(URL.java:1167)
	at org.dbflute.intro.app.logic.engine.EngineInstallLogic.doDownloadToZip(EngineInstallLogic.java:83)
	... 74 more
