2025-08-08 19:05:35,249 [main] INFO  (LastaDiProperties@deriveSmartDeployModeFromLocation():167) - ...Loading specified properties and get by the key: intro_env_production.properties, lasta_di.smart.deploy.mode
2025-08-08 19:05:35,254 [main] INFO  (SmartDeployMode@setValue():62) - ...Setting smart deploy mode: cool
2025-08-08 19:05:35,276 [main] INFO  (LaContainerFactory@show():158) - ...Reading lasta_di.xml
2025-08-08 19:05:35,321 [main] INFO  (LaContainerFactory@show():158) - ...Reading   redefiner.xml
2025-08-08 19:05:35,437 [main] INFO  (LaContainerFactory@show():158) - ...Reading   smartdeploy.xml
2025-08-08 19:05:35,452 [main] INFO  (LaContainerFactory@show():158) - ...Reading     smart/cooldeploy.xml
2025-08-08 19:05:35,475 [main] INFO  (LaContainerFactory@show():158) - ...Reading app.xml
2025-08-08 19:05:35,486 [main] INFO  (LaContainerFactory@show():158) - ...Reading   convention.xml
2025-08-08 19:05:35,494 [main] INFO  (LaContainerFactory@show():158) - ...Reading     embedded_convention.xml
2025-08-08 19:05:35,519 [main] INFO  (LaContainerFactory@show():158) - ...Reading   dbflute.xml
2025-08-08 19:05:35,531 [main] INFO  (LaContainerFactory@show():158) - ...Reading     rdb.xml
2025-08-08 19:05:35,541 [main] INFO  (LaContainerFactory@show():158) - ...Reading       jta.xml
2025-08-08 19:05:35,592 [main] INFO  (LaContainerFactory@show():158) - ...Reading       jdbc.xml
2025-08-08 19:05:35,604 [main] INFO  (LaContainerFactory@show():158) - ...Reading         jta.xml (recycle)
2025-08-08 19:05:35,605 [main] INFO  (LaContainerFactory@show():158) - ...Reading         lastaflute_assist.xml
2025-08-08 19:05:35,623 [main] INFO  (LaContainerFactory@show():158) - ...Reading           lastaflute_director.xml
2025-08-08 19:05:35,736 [main] INFO  (LaContainerFactory@show():158) - ...Reading       tx_aop.xml
2025-08-08 19:05:35,750 [main] INFO  (LaContainerFactory@show():158) - ...Reading         jta.xml (recycle)
2025-08-08 19:05:35,872 [main] INFO  (LaContainerFactory@show():158) - ...Reading   lastaflute.xml
2025-08-08 19:05:35,888 [main] INFO  (LaContainerFactory@show():158) - ...Reading     lastaflute_core.xml
2025-08-08 19:05:35,896 [main] INFO  (LaContainerFactory@show():158) - ...Reading       lastaflute_assist.xml (recycle)
2025-08-08 19:05:35,925 [main] INFO  (LaContainerFactory@show():158) - ...Reading     lastaflute_db.xml
2025-08-08 19:05:35,928 [main] INFO  (LaContainerFactory@show():158) - ...Reading       jta.xml (recycle)
2025-08-08 19:05:35,936 [main] INFO  (LaContainerFactory@show():158) - ...Reading     lastaflute_web.xml
2025-08-08 19:05:35,940 [main] INFO  (LaContainerFactory@show():158) - ...Reading       lastaflute_core.xml (recycle)
2025-08-08 19:05:35,940 [main] INFO  (LaContainerFactory@show():158) - ...Reading       lastaflute_db.xml (recycle)
2025-08-08 19:05:35,941 [main] INFO  (LaContainerFactory@show():158) - ...Reading       convention.xml (recycle)
2025-08-08 19:05:35,970 [main] INFO  (LaContainerFactory@show():158) - ...Reading smart/cooldeploy-autoregister.xml
2025-08-08 19:05:35,975 [main] INFO  (LaContainerFactory@show():158) - ...Reading   convention.xml (recycle)
2025-08-08 19:05:35,975 [main] INFO  (LaContainerFactory@show():158) - ...Reading   creator.xml
2025-08-08 19:05:35,978 [main] INFO  (LaContainerFactory@show():158) - ...Reading     convention.xml (recycle)
2025-08-08 19:05:35,978 [main] INFO  (LaContainerFactory@show():158) - ...Reading     customizer.xml
2025-08-08 19:05:35,991 [main] INFO  (LaContainerFactory@show():158) - ...Reading       lastafw_customizer.xml
2025-08-08 19:05:36,002 [main] INFO  (LaContainerFactory@show():158) - ...Reading       embedded_customizer.xml
2025-08-08 19:05:36,008 [main] INFO  (LaContainerFactory@show():158) - ...Reading         tx_customizer.xml
2025-08-08 19:05:36,030 [main] INFO  (LaContainerFactory@show():158) - ...Reading     lastafw_creator.xml
2025-08-08 19:05:36,038 [main] INFO  (LaContainerFactory@show():158) - ...Reading       convention.xml (recycle)
2025-08-08 19:05:36,039 [main] INFO  (LaContainerFactory@show():158) - ...Reading       customizer.xml (recycle)
2025-08-08 19:05:36,053 [main] INFO  (LaContainerFactory@show():158) - ...Reading     embedded_creator.xml
2025-08-08 19:05:36,057 [main] INFO  (LaContainerFactory@show():158) - ...Reading       convention.xml (recycle)
2025-08-08 19:05:36,058 [main] INFO  (LaContainerFactory@show():158) - ...Reading       customizer.xml (recycle)
2025-08-08 19:05:36,068 [main] INFO  (LaContainerFactory@show():158) - ...Reading   customizer.xml (recycle)
2025-08-08 19:05:36,127 [main] INFO  (ObjectiveConfig@showBootLogging():242) - [Objective Config]
2025-08-08 19:05:36,128 [main] INFO  (ObjectiveConfig@showBootLogging():243) -  intro_config.properties extends [intro_env_production.properties]
2025-08-08 19:05:36,128 [main] INFO  (ObjectiveConfig@showBootLogging():246) -  checkImplicitOverride=true, propertyCount=20
2025-08-08 19:05:36,138 [main] INFO  (HookedXADataSource@showBootLogging():78) - [XA DataSource]
2025-08-08 19:05:36,139 [main] INFO  (HookedXADataSource@showBootLogging():79) -  driver: org.h2.Driver
2025-08-08 19:05:36,139 [main] INFO  (HookedXADataSource@showBootLogging():80) -  url: jdbc:h2:mem:introdb;DB_CLOSE_DELAY=-1
2025-08-08 19:05:36,139 [main] INFO  (HookedXADataSource@showBootLogging():81) -  newbornConnectionHook: null
2025-08-08 19:05:36,145 [main] INFO  (HookedConnectionPool@showBootLogging():60) - [Connection Pool]
2025-08-08 19:05:36,145 [main] INFO  (HookedConnectionPool@showBootLogging():61) -  maxPoolSize: 10
2025-08-08 19:05:36,145 [main] INFO  (HookedConnectionPool@showBootLogging():62) -  minPoolSize: 0
2025-08-08 19:05:36,145 [main] INFO  (HookedConnectionPool@showBootLogging():63) -  maxWait: 10000 milliseconds
2025-08-08 19:05:36,145 [main] INFO  (HookedConnectionPool@showBootLogging():64) -  timeout: 600 seconds
2025-08-08 19:05:36,146 [main] INFO  (DBFluteInitializer@announce():58) - ...Initializing DBFlute components
2025-08-08 19:05:36,162 [main] INFO  (SimplePrimaryCipher@showBootLogging():80) - [Primary Cipher]
2025-08-08 19:05:36,163 [main] INFO  (SimplePrimaryCipher@showBootLogging():81) -  invertibleCryptographer: {Blowfish, UTF-8}
2025-08-08 19:05:36,163 [main] INFO  (SimplePrimaryCipher@showBootLogging():82) -  oneWayCryptographer: {SHA-256, UTF-8}
2025-08-08 19:05:36,165 [main] INFO  (SimpleTimeManager@showBootLogging():111) - [Time Manager]
2025-08-08 19:05:36,165 [main] INFO  (SimpleTimeManager@showBootLogging():112) -  businessTimeHandler: TypicalBusinessTimeHandler:{IntroTimeResourceProvider$$Lambda$189/0x0000000800d3a440, IntroTimeResourceProvider$$Lambda$190/0x0000000800d39840}
2025-08-08 19:05:36,165 [main] INFO  (SimpleTimeManager@showBootLogging():116) -  currentIgnoreTransaction: false
2025-08-08 19:05:36,165 [main] INFO  (SimpleTimeManager@showBootLogging():117) -  adjustTimeMillis: 0
2025-08-08 19:05:36,165 [main] INFO  (SimpleTimeManager@showBootLogging():118) -  adjustAbsoluteMode: false
2025-08-08 19:05:36,222 [main] INFO  (SimpleJsonManager@showBootLogging():147) - [JSON Manager]
2025-08-08 19:05:36,225 [main] INFO  (SimpleJsonManager@showBootLogging():148) -  realJsonParser: GsonJsonEngine
2025-08-08 19:05:36,227 [main] INFO  (ExceptionTranslator@showBootLogging():68) - [Exception Translator]
2025-08-08 19:05:36,227 [main] INFO  (ExceptionTranslator@showBootLogging():69) -  exceptionTranslationProvider: null
2025-08-08 19:05:36,229 [main] INFO  (SimpleAsyncManager@showBootLogging():242) - [Async Manager]
2025-08-08 19:05:36,229 [main] INFO  (SimpleAsyncManager@showBootLogging():243) -  defaultConcurrentAsyncOption: {no option}
2025-08-08 19:05:36,229 [main] INFO  (SimpleAsyncManager@showBootLogging():244) -  primaryExecutorService: ThreadPoolExecutor@77b21474
2025-08-08 19:05:36,229 [main] INFO  (SimpleAsyncManager@showBootLogging():245) -  secondaryExecutorService: ThreadPoolExecutor@52d10fb8
2025-08-08 19:05:36,229 [main] INFO  (SimpleAsyncManager@showBootLogging():246) -  tertiaryExecutorService: ThreadPoolExecutor@41c07648
2025-08-08 19:05:36,230 [main] INFO  (Postbox@showBootLogging():81) - [Postbox]
2025-08-08 19:05:36,231 [main] INFO  (Postbox@showBootLogging():88) -  postOffice: *no used
2025-08-08 19:05:36,247 [main] INFO  (ActionPathResolver@showBootLogging():95) - [Action Resolver]
2025-08-08 19:05:36,248 [main] INFO  (ActionPathResolver@showBootLogging():96) -  actionAdjustmentProvider: org.dbflute.intro.mylasta.direction.sponsor.IntroActionAdjustmentProvider@3caa4757
2025-08-08 19:05:36,248 [main] INFO  (SimpleResponseManager@showBootLogging():106) - [Response Manager]
2025-08-08 19:05:36,248 [main] INFO  (SimpleResponseManager@showBootLogging():107) -  responseWritePerformerCreator: null
2025-08-08 19:05:36,248 [main] INFO  (SimpleResponseManager@showBootLogging():108) -  responseDownloadPerformerCreator: null
2025-08-08 19:05:36,248 [main] INFO  (SimpleResponseManager@showBootLogging():109) -  downloadExtensionContentTypeMap: null
2025-08-08 19:05:36,249 [main] INFO  (SimpleSessionManager@showBootLogging():109) - [Session Manager]
2025-08-08 19:05:36,250 [main] INFO  (SimpleSessionManager@showBootLogging():110) -  sessionSharedStorage: opt:{null}
2025-08-08 19:05:36,250 [main] INFO  (SimpleSessionManager@showBootLogging():111) -  httpSessionArranger: opt:{null}
2025-08-08 19:05:36,250 [main] INFO  (SimpleCookieManager@showBootLogging():93) - [Cookie Manager]
2025-08-08 19:05:36,250 [main] INFO  (SimpleCookieManager@showBootLogging():94) -  cookieCipher: {{Blowfish, UTF-8}}
2025-08-08 19:05:36,250 [main] INFO  (SimpleCookieManager@showBootLogging():95) -  defaultPath: /
2025-08-08 19:05:36,250 [main] INFO  (SimpleCookieManager@showBootLogging():96) -  defaultExpire: 31556926
2025-08-08 19:05:36,251 [main] INFO  (SimpleApiManager@showBootLogging():79) - [API Manager]
2025-08-08 19:05:36,251 [main] INFO  (SimpleApiManager@showBootLogging():80) -  apiFailureHook: IntroApiFailureHook
2025-08-08 19:05:36,252 [main] INFO  (SimpleRequestManager@showBootLogging():164) - [Request Manager]
2025-08-08 19:05:36,253 [main] INFO  (SimpleRequestManager@showBootLogging():165) -  localeProvider: {acceptCookieLocale=false}
2025-08-08 19:05:36,254 [main] INFO  (SimpleRequestManager@showBootLogging():166) -  timeZoneProvider: {useTimeZoneHandling=false, acceptCookieTimeZone=false}
2025-08-08 19:05:36,255 [main] INFO  (SimpleCsrfManager@showBootLogging():109) - [Csrf Manager]
2025-08-08 19:05:36,255 [main] INFO  (SimpleCsrfManager@showBootLogging():110) -  tokenHeaderName: X-CSRF-TOKEN
2025-08-08 19:05:36,255 [main] INFO  (SimpleCsrfManager@showBootLogging():111) -  tokenParameterName: _csrf
2025-08-08 19:05:36,255 [main] INFO  (SimpleCsrfManager@showBootLogging():112) -  tokenGenerator: org.lastaflute.web.token.SimpleCsrfManager$$Lambda$213/0x0000000800d95c40@3e2fc448
2025-08-08 19:05:36,255 [main] INFO  (SimpleDoubleSubmitManager@showBootLogging():96) - [DoubleSubmit Manager]
2025-08-08 19:05:36,256 [main] INFO  (SimpleDoubleSubmitManager@showBootLogging():97) -  allowsVerifyTokenBeforeValidation: false
2025-08-08 19:05:36,325 [main] DEBUG (LaLogger@log():118) - Registering component definition of class(org.dbflute.intro.app.web.intro.IntroAction[intro_introAction]).
2025-08-08 19:05:36,331 [main] DEBUG (LaLogger@log():118) - Registering component definition of class(org.dbflute.intro.app.web.SwaggerAction[swaggerAction]).
2025-08-08 19:05:36,457 [main] DEBUG (LaLogger@log():118) - Registering component definition of class(org.dbflute.intro.app.web.document.hacomment.DocumentHacommentAction[document_hacomment_documentHacommentAction]).
2025-08-08 19:05:36,472 [main] DEBUG (LaLogger@log():118) - Registering component definition of class(org.dbflute.intro.app.web.document.DocumentAction[document_documentAction]).
2025-08-08 19:05:36,505 [main] DEBUG (LaLogger@log():118) - Registering component definition of class(org.dbflute.intro.app.web.document.decomment.DocumentDecommentAction[document_decomment_documentDecommentAction]).
2025-08-08 19:05:36,544 [main] DEBUG (LaLogger@log():118) - Registering component definition of class(org.dbflute.intro.app.web.welcome.WelcomeAction[welcome_welcomeAction]).
2025-08-08 19:05:36,563 [main] DEBUG (LaLogger@log():118) - Registering component definition of class(org.dbflute.intro.app.web.task.TaskAction[task_taskAction]).
2025-08-08 19:05:36,573 [main] DEBUG (LaLogger@log():118) - Registering component definition of class(org.dbflute.intro.app.web.log.LogAction[log_logAction]).
2025-08-08 19:05:36,593 [main] DEBUG (LaLogger@log():118) - Registering component definition of class(org.dbflute.intro.app.web.dfprop.settings.DfpropSettingsAction[dfprop_settings_dfpropSettingsAction]).
2025-08-08 19:05:36,625 [main] DEBUG (LaLogger@log():118) - Registering component definition of class(org.dbflute.intro.app.web.dfprop.schemapolicy.statement.DfpropSchemapolicyStatementAction[dfprop_schemapolicy_statement_dfpropSchemapolicyStatementAction]).
2025-08-08 19:05:36,675 [main] DEBUG (LaLogger@log():118) - Registering component definition of class(org.dbflute.intro.app.web.dfprop.schemapolicy.DfpropSchemapolicyAction[dfprop_schemapolicy_dfpropSchemapolicyAction]).
2025-08-08 19:05:36,691 [main] DEBUG (LaLogger@log():118) - Registering component definition of class(org.dbflute.intro.app.web.dfprop.schemasync.DfpropSchemasyncAction[dfprop_schemasync_dfpropSchemasyncAction]).
2025-08-08 19:05:36,712 [main] DEBUG (LaLogger@log():118) - Registering component definition of class(org.dbflute.intro.app.web.dfprop.document.DfpropDocumentAction[dfprop_document_dfpropDocumentAction]).
2025-08-08 19:05:36,722 [main] DEBUG (LaLogger@log():118) - Registering component definition of class(org.dbflute.intro.app.web.dfprop.DfpropAction[dfprop_dfpropAction]).
2025-08-08 19:05:36,739 [main] DEBUG (LaLogger@log():118) - Registering component definition of class(org.dbflute.intro.app.web.engine.EngineAction[engine_engineAction]).
2025-08-08 19:05:36,747 [main] DEBUG (LaLogger@log():118) - Registering component definition of class(org.dbflute.intro.app.web.client.propbase.ClientPropbaseAction[client_propbase_clientPropbaseAction]).
2025-08-08 19:05:36,755 [main] DEBUG (LaLogger@log():118) - Registering component definition of class(org.dbflute.intro.app.web.client.ClientUpdateAssist[client_clientUpdateAssist]).
2025-08-08 19:05:36,766 [main] DEBUG (LaLogger@log():118) - Registering component definition of class(org.dbflute.intro.app.web.client.ClientAction[client_clientAction]).
2025-08-08 19:05:36,775 [main] DEBUG (LaLogger@log():118) - Registering component definition of class(org.dbflute.intro.app.web.client.list.ClientListAction[client_list_clientListAction]).
2025-08-08 19:05:36,786 [main] DEBUG (LaLogger@log():118) - Registering component definition of class(org.dbflute.intro.app.web.playsql.PlaysqlAction[playsql_playsqlAction]).
2025-08-08 19:05:36,797 [main] DEBUG (LaLogger@log():118) - Registering component definition of class(org.dbflute.intro.app.web.playsql.data.PlaysqlDataAction[playsql_data_playsqlDataAction]).
2025-08-08 19:05:36,808 [main] DEBUG (LaLogger@log():118) - Registering component definition of class(org.dbflute.intro.app.web.playsql.migration.alter.PlaysqlMigrationAlterAssist[playsql_migration_alter_playsqlMigrationAlterAssist]).
2025-08-08 19:05:36,829 [main] DEBUG (LaLogger@log():118) - Registering component definition of class(org.dbflute.intro.app.web.playsql.migration.alter.PlaysqlMigrationAlterAction[playsql_migration_alter_playsqlMigrationAlterAction]).
2025-08-08 19:05:36,837 [main] DEBUG (LaLogger@log():118) - Registering component definition of class(org.dbflute.intro.app.web.base.cls.IntroClsAssist[base_cls_introClsAssist]).
2025-08-08 19:05:36,843 [main] DEBUG (LaLogger@log():118) - Registering component definition of class(org.dbflute.intro.app.logic.context.AccessContextLogic[context_accessContextLogic]).
2025-08-08 19:05:36,844 [main] DEBUG (LaLogger@log():118) - Registering component definition of class(org.dbflute.intro.app.logic.core.FlutyFileLogic[core_flutyFileLogic]).
2025-08-08 19:05:36,846 [main] DEBUG (LaLogger@log():118) - Registering component definition of class(org.dbflute.intro.app.logic.core.PublicPropertiesLogic[core_publicPropertiesLogic]).
2025-08-08 19:05:36,848 [main] DEBUG (LaLogger@log():118) - Registering component definition of class(org.dbflute.intro.app.logic.core.MapStringLogic[core_mapStringLogic]).
2025-08-08 19:05:36,851 [main] DEBUG (LaLogger@log():118) - Registering component definition of class(org.dbflute.intro.app.logic.intro.IntroPhysicalLogic[intro_introPhysicalLogic]).
2025-08-08 19:05:36,854 [main] DEBUG (LaLogger@log():118) - Registering component definition of class(org.dbflute.intro.app.logic.intro.IntroReadLogic[intro_introReadLogic]).
2025-08-08 19:05:36,856 [main] DEBUG (LaLogger@log():118) - Registering component definition of class(org.dbflute.intro.app.logic.intro.IntroSystemLogic[intro_introSystemLogic]).
2025-08-08 19:05:36,858 [main] DEBUG (LaLogger@log():118) - Registering component definition of class(org.dbflute.intro.app.logic.document.hacomment.DocumentHacommentPhysicalLogic[document_hacomment_documentHacommentPhysicalLogic]).
2025-08-08 19:05:36,859 [main] DEBUG (LaLogger@log():118) - Registering component definition of class(org.dbflute.intro.app.logic.document.DocumentPhysicalLogic[document_documentPhysicalLogic]).
2025-08-08 19:05:36,859 [main] DEBUG (LaLogger@log():118) - Registering component definition of class(org.dbflute.intro.app.logic.document.DocumentDisplayLogic[document_documentDisplayLogic]).
2025-08-08 19:05:36,864 [main] DEBUG (LaLogger@log():118) - Registering component definition of class(org.dbflute.intro.app.logic.document.DocumentAuthorLogic[document_documentAuthorLogic]).
2025-08-08 19:05:36,868 [main] DEBUG (LaLogger@log():118) - Registering component definition of class(org.dbflute.intro.app.logic.document.decomment.DocumentDecommentPhysicalLogic[document_decomment_documentDecommentPhysicalLogic]).
2025-08-08 19:05:36,870 [main] DEBUG (LaLogger@log():118) - Registering component definition of class(org.dbflute.intro.app.logic.task.TaskExecutionLogic[task_taskExecutionLogic]).
2025-08-08 19:05:36,871 [main] DEBUG (LaLogger@log():118) - Registering component definition of class(org.dbflute.intro.app.logic.log.LogPhysicalLogic[log_logPhysicalLogic]).
2025-08-08 19:05:36,874 [main] DEBUG (LaLogger@log():118) - Registering component definition of class(org.dbflute.intro.app.logic.dfprop.database.DatabaseInfoLogic[dfprop_database_databaseInfoLogic]).
2025-08-08 19:05:36,885 [main] DEBUG (LaLogger@log():118) - Registering component definition of class(org.dbflute.intro.app.logic.dfprop.schemapolicy.DfpropSchemaPolicyReadLogic[dfprop_schemapolicy_dfpropSchemaPolicyReadLogic]).
2025-08-08 19:05:36,885 [main] DEBUG (LaLogger@log():118) - Registering component definition of class(org.dbflute.intro.app.logic.dfprop.schemapolicy.file.DfpropSchemaPolicyFileCommentLogic[dfprop_schemapolicy_file_dfpropSchemaPolicyFileCommentLogic]).
2025-08-08 19:05:36,892 [main] DEBUG (LaLogger@log():118) - Registering component definition of class(org.dbflute.intro.app.logic.dfprop.schemapolicy.file.DfpropSchemaPolicyFileReplaceLogic[dfprop_schemapolicy_file_dfpropSchemaPolicyFileReplaceLogic]).
2025-08-08 19:05:36,894 [main] DEBUG (LaLogger@log():118) - Registering component definition of class(org.dbflute.intro.app.logic.dfprop.schemapolicy.DfpropSchemaPolicyUpdateLogic[dfprop_schemapolicy_dfpropSchemaPolicyUpdateLogic]).
2025-08-08 19:05:36,895 [main] DEBUG (LaLogger@log():118) - Registering component definition of class(org.dbflute.intro.app.logic.dfprop.schemapolicy.DfpropSchemaPolicyDefLogic[dfprop_schemapolicy_dfpropSchemaPolicyDefLogic]).
2025-08-08 19:05:36,897 [main] DEBUG (LaLogger@log():118) - Registering component definition of class(org.dbflute.intro.app.logic.dfprop.basic.BasicInfoLogic[dfprop_basic_basicInfoLogic]).
2025-08-08 19:05:36,901 [main] DEBUG (LaLogger@log():118) - Registering component definition of class(org.dbflute.intro.app.logic.dfprop.TestConnectionLogic[dfprop_testConnectionLogic]).
2025-08-08 19:05:36,906 [main] DEBUG (LaLogger@log():118) - Registering component definition of class(org.dbflute.intro.app.logic.dfprop.DfpropReadLogic[dfprop_dfpropReadLogic]).
2025-08-08 19:05:36,908 [main] DEBUG (LaLogger@log():118) - Registering component definition of class(org.dbflute.intro.app.logic.dfprop.DfpropUpdateLogic[dfprop_dfpropUpdateLogic]).
2025-08-08 19:05:36,912 [main] DEBUG (LaLogger@log():118) - Registering component definition of class(org.dbflute.intro.app.logic.dfprop.DfpropPhysicalLogic[dfprop_dfpropPhysicalLogic]).
2025-08-08 19:05:36,913 [main] DEBUG (LaLogger@log():118) - Registering component definition of class(org.dbflute.intro.app.logic.engine.EngineInstallLogic[engine_engineInstallLogic]).
2025-08-08 19:05:36,914 [main] DEBUG (LaLogger@log():118) - Registering component definition of class(org.dbflute.intro.app.logic.engine.EngineReadLogic[engine_engineReadLogic]).
2025-08-08 19:05:36,914 [main] DEBUG (LaLogger@log():118) - Registering component definition of class(org.dbflute.intro.app.logic.engine.EnginePhysicalLogic[engine_enginePhysicalLogic]).
2025-08-08 19:05:36,922 [main] DEBUG (LaLogger@log():118) - Registering component definition of class(org.dbflute.intro.app.logic.client.ClientUpdateLogic[client_clientUpdateLogic]).
2025-08-08 19:05:36,934 [main] DEBUG (LaLogger@log():118) - Registering component definition of class(org.dbflute.intro.app.logic.client.ClientReadLogic[client_clientReadLogic]).
2025-08-08 19:05:36,935 [main] DEBUG (LaLogger@log():118) - Registering component definition of class(org.dbflute.intro.app.logic.client.ClientPhysicalLogic[client_clientPhysicalLogic]).
2025-08-08 19:05:36,935 [main] DEBUG (LaLogger@log():118) - Registering component definition of class(org.dbflute.intro.app.logic.client.projectinfra.ClientProjectInfraReadLogic[client_projectinfra_clientProjectInfraReadLogic]).
2025-08-08 19:05:36,936 [main] DEBUG (LaLogger@log():118) - Registering component definition of class(org.dbflute.intro.app.logic.playsql.data.PlaysqlDataLogic[playsql_data_playsqlDataLogic]).
2025-08-08 19:05:36,942 [main] DEBUG (LaLogger@log():118) - Registering component definition of class(org.dbflute.intro.app.logic.playsql.migration.info.PlaysqlMigrationReadLogic[playsql_migration_info_playsqlMigrationReadLogic]).
2025-08-08 19:05:36,943 [main] DEBUG (LaLogger@log():118) - Registering component definition of class(org.dbflute.intro.app.logic.playsql.migration.PlaysqlMigrationPhysicalLogic[playsql_migration_playsqlMigrationPhysicalLogic]).
2025-08-08 19:05:36,943 [main] DEBUG (LaLogger@log():118) - Registering component definition of class(org.dbflute.intro.app.logic.playsql.migration.PlaysqlMigrationUpdateLogic[playsql_migration_playsqlMigrationUpdateLogic]).
2025-08-08 19:05:36,944 [main] DEBUG (LaLogger@log():118) - Registering component definition of class(org.dbflute.intro.app.logic.playsql.PlaysqlPhysicalLogic[playsql_playsqlPhysicalLogic]).
2025-08-08 19:05:36,950 [main] INFO  (SingletonLaContainerFactory@showBoot():119) - Lasta Di boot successfully.
2025-08-08 19:05:36,952 [main] INFO  (SingletonLaContainerFactory@showBoot():120) -   SmartDeploy Mode: Cool Deploy
2025-08-08 19:05:36,952 [main] INFO  (SingletonLaContainerFactory@showBoot():130) -   Smart Package: org.dbflute.intro.app
2025-08-08 19:05:36,954 [main] INFO  (MessageResourcesHolder@acceptGateway():61) - ...Accepting the gateway of message resources: gateway:{ObjectiveMessageResources:{application=not initialized yet, cached=[no cached bundle]}}
2025-08-08 19:05:36,954 [main] INFO  (DBFluteSystem@unlock():242) - ...Unlocking the DBFlute system
2025-08-08 19:05:36,956 [main] INFO  (DBFluteSystem@setFinalTimeZoneProvider():218) - ...Setting finalTimeZoneProvider: IntroCurtainBeforeHook$1:{Asia/Tokyo}
2025-08-08 19:05:36,957 [main] INFO  (DBFluteSystem@lock():232) - ...Locking the DBFlute system
2025-08-08 19:05:36,961 [main] DEBUG (IntroDBInitializer@createSchema():70) - ...Creating IntroDB: introdb/create-schema.sql
2025-08-08 19:05:37,181 [main] DEBUG (SimpleConnectionPool@createConnection():277) - Created physical connection: tx=null, conn=conn0: url=jdbc:h2:mem:introdb user=INTRODB
2025-08-08 19:05:37,233 [main] DEBUG (IntroDBInitializer@registerTsv():123) - ...Registering TSV: 10-CLS_TARGET_DATABASE.tsv
2025-08-08 19:05:37,316 [main] DEBUG (XLog@log():43) - ...Initializing sqlExecution for the key 'CLS_TARGET_DATABASE:batchInsert(List<ClsTargetDatabase>)'
2025-08-08 19:05:37,365 [main] DEBUG (XLog@log():43) - SqlExecution Initialization Cost: [00m00s050ms]
2025-08-08 19:05:37,369 [main] DEBUG (XLog@log():43) - /==================================================================================
2025-08-08 19:05:37,370 [main] DEBUG (XLog@log():43) -                                                       BehaviorWritable.lumpCreate()
2025-08-08 19:05:37,370 [main] DEBUG (XLog@log():43) -                                                       ============================/
2025-08-08 19:05:37,382 [main] DEBUG (QLog@log():43) - 
insert into CLS_TARGET_DATABASE (DATABASE_CODE, DATABASE_NAME, JDBC_DRIVER_FQCN, URL_TEMPLATE, DEFAULT_SCHEMA, SCHEMA_REQUIRED_FLG, SCHEMA_UPPER_CASE_FLG, USER_INPUT_ASSIST_FLG, EMBEDDED_JAR_FLG, DISPLAY_ORDER)
 values ('mysql', 'MySQL', 'com.mysql.jdbc.Driver', 'jdbc:mysql://localhost:3306/xxx', null, 0, 0, 0, 1, 1);
insert into CLS_TARGET_DATABASE (DATABASE_CODE, DATABASE_NAME, JDBC_DRIVER_FQCN, URL_TEMPLATE, DEFAULT_SCHEMA, SCHEMA_REQUIRED_FLG, SCHEMA_UPPER_CASE_FLG, USER_INPUT_ASSIST_FLG, EMBEDDED_JAR_FLG, DISPLAY_ORDER)
 values ('postgresql', 'PostgreSQL', 'org.postgresql.Driver', 'jdbc:postgresql://localhost:5432/xxx', 'public', 1, 0, 0, 1, 2);
insert into CLS_TARGET_DATABASE (DATABASE_CODE, DATABASE_NAME, JDBC_DRIVER_FQCN, URL_TEMPLATE, DEFAULT_SCHEMA, SCHEMA_REQUIRED_FLG, SCHEMA_UPPER_CASE_FLG, USER_INPUT_ASSIST_FLG, EMBEDDED_JAR_FLG, DISPLAY_ORDER)
 values ('oracle', 'Oracle', 'oracle.jdbc.OracleDriver', 'jdbc:oracle:thin:@localhost:1521:xxx', 'xxx', 1, 1, 1, 0, 3);
insert into CLS_TARGET_DATABASE (DATABASE_CODE, DATABASE_NAME, JDBC_DRIVER_FQCN, URL_TEMPLATE, DEFAULT_SCHEMA, SCHEMA_REQUIRED_FLG, SCHEMA_UPPER_CASE_FLG, USER_INPUT_ASSIST_FLG, EMBEDDED_JAR_FLG, DISPLAY_ORDER)
 values ('db2', 'DB2', 'com.ibm.db2.jcc.DB2Driver', 'jdbc:db2://localhost:50000/xxx', 'xxx', 1, 1, 1, 0, 4);
insert into CLS_TARGET_DATABASE (DATABASE_CODE, DATABASE_NAME, JDBC_DRIVER_FQCN, URL_TEMPLATE, DEFAULT_SCHEMA, SCHEMA_REQUIRED_FLG, SCHEMA_UPPER_CASE_FLG, USER_INPUT_ASSIST_FLG, EMBEDDED_JAR_FLG, DISPLAY_ORDER)
 values ('sqlserver', 'SQLServer', 'com.microsoft.sqlserver.jdbc.SQLServerDriver', 'jdbc:sqlserver://localhost:1433;DatabaseName=xxx;', 'dbo', 1, 0, 0, 0, 5);
insert into CLS_TARGET_DATABASE (DATABASE_CODE, DATABASE_NAME, JDBC_DRIVER_FQCN, URL_TEMPLATE, DEFAULT_SCHEMA, SCHEMA_REQUIRED_FLG, SCHEMA_UPPER_CASE_FLG, USER_INPUT_ASSIST_FLG, EMBEDDED_JAR_FLG, DISPLAY_ORDER)
 values ('h2', 'H2 Database', 'org.h2.Driver', 'jdbc:h2:file:xxx', 'PUBLIC', 1, 0, 0, 1, 6);
insert into CLS_TARGET_DATABASE (DATABASE_CODE, DATABASE_NAME, JDBC_DRIVER_FQCN, URL_TEMPLATE, DEFAULT_SCHEMA, SCHEMA_REQUIRED_FLG, SCHEMA_UPPER_CASE_FLG, USER_INPUT_ASSIST_FLG, EMBEDDED_JAR_FLG, DISPLAY_ORDER)
 values ('derby', 'Apache Derby', 'org.apache.derby.jdbc.EmbeddedDriver', 'jdbc:derby:xxx;create=true', 'xxx', 1, 1, 1, 0, 7);
2025-08-08 19:05:37,389 [main] DEBUG (XLog@log():43) - ===========/ [00m00s018ms all-updated=(7) result={1,1,1,1,1,1,1}]
2025-08-08 19:05:37,389 [main] DEBUG (XLog@log():43) -  
2025-08-08 19:05:37,392 [main] DEBUG (IntroDBInitializer@registerTsv():123) - ...Registering TSV: 12-CLS_TARGET_LANGUAGE.tsv
2025-08-08 19:05:37,402 [main] DEBUG (XLog@log():43) - ...Initializing sqlExecution for the key 'CLS_TARGET_LANGUAGE:batchInsert(List<ClsTargetLanguage>)'
2025-08-08 19:05:37,404 [main] DEBUG (XLog@log():43) - SqlExecution Initialization Cost: [00m00s002ms]
2025-08-08 19:05:37,406 [main] DEBUG (XLog@log():43) - /==================================================================================
2025-08-08 19:05:37,407 [main] DEBUG (XLog@log():43) -                                                       BehaviorWritable.lumpCreate()
2025-08-08 19:05:37,407 [main] DEBUG (XLog@log():43) -                                                       ============================/
2025-08-08 19:05:37,408 [main] DEBUG (QLog@log():43) - 
insert into CLS_TARGET_LANGUAGE (LANGUAGE_CODE, LANGUAGE_NAME, DISPLAY_ORDER)
 values ('java', 'Java', 1);
insert into CLS_TARGET_LANGUAGE (LANGUAGE_CODE, LANGUAGE_NAME, DISPLAY_ORDER)
 values ('csharp', 'C#', 2);
insert into CLS_TARGET_LANGUAGE (LANGUAGE_CODE, LANGUAGE_NAME, DISPLAY_ORDER)
 values ('scala', 'Scala', 3);
2025-08-08 19:05:37,409 [main] DEBUG (XLog@log():43) - ===========/ [00m00s002ms all-updated=(3) result={1,1,1}]
2025-08-08 19:05:37,409 [main] DEBUG (XLog@log():43) -  
2025-08-08 19:05:37,411 [main] DEBUG (IntroDBInitializer@registerTsv():123) - ...Registering TSV: 14-CLS_TARGET_CONTAINER.tsv
2025-08-08 19:05:37,418 [main] DEBUG (XLog@log():43) - ...Initializing sqlExecution for the key 'CLS_TARGET_CONTAINER:batchInsert(List<ClsTargetContainer>)'
2025-08-08 19:05:37,420 [main] DEBUG (XLog@log():43) - SqlExecution Initialization Cost: [00m00s002ms]
2025-08-08 19:05:37,420 [main] DEBUG (XLog@log():43) - /==================================================================================
2025-08-08 19:05:37,420 [main] DEBUG (XLog@log():43) -                                                       BehaviorWritable.lumpCreate()
2025-08-08 19:05:37,420 [main] DEBUG (XLog@log():43) -                                                       ============================/
2025-08-08 19:05:37,421 [main] DEBUG (QLog@log():43) - 
insert into CLS_TARGET_CONTAINER (CONTAINER_CODE, CONTAINER_NAME, DISPLAY_ORDER)
 values ('lasta_di', 'Lasta Di', 1);
insert into CLS_TARGET_CONTAINER (CONTAINER_CODE, CONTAINER_NAME, DISPLAY_ORDER)
 values ('spring', 'Spring Framework', 2);
insert into CLS_TARGET_CONTAINER (CONTAINER_CODE, CONTAINER_NAME, DISPLAY_ORDER)
 values ('guice', 'Google Guice', 3);
insert into CLS_TARGET_CONTAINER (CONTAINER_CODE, CONTAINER_NAME, DISPLAY_ORDER)
 values ('seasar', 'Seasar (S2Container)', 4);
insert into CLS_TARGET_CONTAINER (CONTAINER_CODE, CONTAINER_NAME, DISPLAY_ORDER)
 values ('cdi', 'CDI', 5);
2025-08-08 19:05:37,424 [main] DEBUG (XLog@log():43) - ===========/ [00m00s004ms all-updated=(5) result={1,1,1,1,1}]
2025-08-08 19:05:37,426 [main] DEBUG (XLog@log():43) -  
2025-08-08 19:05:37,431 [main] INFO  (LastaToActionFilter@showBoot():106) - _/_/_/_/_/_/_/_/_/_/_/_/_/_/_/_/_/_/_/_/_/
2025-08-08 19:05:37,432 [main] INFO  (LastaToActionFilter@showBoot():107) -  the system has been initialized:
2025-08-08 19:05:37,432 [main] INFO  (LastaToActionFilter@showBoot():108) - 
2025-08-08 19:05:37,432 [main] INFO  (LastaToActionFilter@showBoot():109) -   -> Intro (Production)
2025-08-08 19:05:37,432 [main] INFO  (LastaToActionFilter@showBoot():110) - _/_/_/_/_/_/_/_/_/_/
2025-08-08 19:12:21,473 [main] INFO  (LastaDiProperties@deriveSmartDeployModeFromLocation():167) - ...Loading specified properties and get by the key: intro_env_production.properties, lasta_di.smart.deploy.mode
2025-08-08 19:12:21,478 [main] INFO  (SmartDeployMode@setValue():62) - ...Setting smart deploy mode: cool
2025-08-08 19:12:21,495 [main] INFO  (LaContainerFactory@show():158) - ...Reading lasta_di.xml
2025-08-08 19:12:21,540 [main] INFO  (LaContainerFactory@show():158) - ...Reading   redefiner.xml
2025-08-08 19:12:21,644 [main] INFO  (LaContainerFactory@show():158) - ...Reading   smartdeploy.xml
2025-08-08 19:12:21,657 [main] INFO  (LaContainerFactory@show():158) - ...Reading     smart/cooldeploy.xml
2025-08-08 19:12:21,678 [main] INFO  (LaContainerFactory@show():158) - ...Reading app.xml
2025-08-08 19:12:21,690 [main] INFO  (LaContainerFactory@show():158) - ...Reading   convention.xml
2025-08-08 19:12:21,695 [main] INFO  (LaContainerFactory@show():158) - ...Reading     embedded_convention.xml
2025-08-08 19:12:21,728 [main] INFO  (LaContainerFactory@show():158) - ...Reading   dbflute.xml
2025-08-08 19:12:21,740 [main] INFO  (LaContainerFactory@show():158) - ...Reading     rdb.xml
2025-08-08 19:12:21,750 [main] INFO  (LaContainerFactory@show():158) - ...Reading       jta.xml
2025-08-08 19:12:21,785 [main] INFO  (LaContainerFactory@show():158) - ...Reading       jdbc.xml
2025-08-08 19:12:21,800 [main] INFO  (LaContainerFactory@show():158) - ...Reading         jta.xml (recycle)
2025-08-08 19:12:21,802 [main] INFO  (LaContainerFactory@show():158) - ...Reading         lastaflute_assist.xml
2025-08-08 19:12:21,826 [main] INFO  (LaContainerFactory@show():158) - ...Reading           lastaflute_director.xml
2025-08-08 19:12:21,928 [main] INFO  (LaContainerFactory@show():158) - ...Reading       tx_aop.xml
2025-08-08 19:12:21,938 [main] INFO  (LaContainerFactory@show():158) - ...Reading         jta.xml (recycle)
2025-08-08 19:12:22,068 [main] INFO  (LaContainerFactory@show():158) - ...Reading   lastaflute.xml
2025-08-08 19:12:22,082 [main] INFO  (LaContainerFactory@show():158) - ...Reading     lastaflute_core.xml
2025-08-08 19:12:22,091 [main] INFO  (LaContainerFactory@show():158) - ...Reading       lastaflute_assist.xml (recycle)
2025-08-08 19:12:22,123 [main] INFO  (LaContainerFactory@show():158) - ...Reading     lastaflute_db.xml
2025-08-08 19:12:22,127 [main] INFO  (LaContainerFactory@show():158) - ...Reading       jta.xml (recycle)
2025-08-08 19:12:22,133 [main] INFO  (LaContainerFactory@show():158) - ...Reading     lastaflute_web.xml
2025-08-08 19:12:22,137 [main] INFO  (LaContainerFactory@show():158) - ...Reading       lastaflute_core.xml (recycle)
2025-08-08 19:12:22,138 [main] INFO  (LaContainerFactory@show():158) - ...Reading       lastaflute_db.xml (recycle)
2025-08-08 19:12:22,139 [main] INFO  (LaContainerFactory@show():158) - ...Reading       convention.xml (recycle)
2025-08-08 19:12:22,170 [main] INFO  (LaContainerFactory@show():158) - ...Reading smart/cooldeploy-autoregister.xml
2025-08-08 19:12:22,178 [main] INFO  (LaContainerFactory@show():158) - ...Reading   convention.xml (recycle)
2025-08-08 19:12:22,179 [main] INFO  (LaContainerFactory@show():158) - ...Reading   creator.xml
2025-08-08 19:12:22,186 [main] INFO  (LaContainerFactory@show():158) - ...Reading     convention.xml (recycle)
2025-08-08 19:12:22,187 [main] INFO  (LaContainerFactory@show():158) - ...Reading     customizer.xml
2025-08-08 19:12:22,195 [main] INFO  (LaContainerFactory@show():158) - ...Reading       lastafw_customizer.xml
2025-08-08 19:12:22,205 [main] INFO  (LaContainerFactory@show():158) - ...Reading       embedded_customizer.xml
2025-08-08 19:12:22,212 [main] INFO  (LaContainerFactory@show():158) - ...Reading         tx_customizer.xml
2025-08-08 19:12:22,234 [main] INFO  (LaContainerFactory@show():158) - ...Reading     lastafw_creator.xml
2025-08-08 19:12:22,241 [main] INFO  (LaContainerFactory@show():158) - ...Reading       convention.xml (recycle)
2025-08-08 19:12:22,242 [main] INFO  (LaContainerFactory@show():158) - ...Reading       customizer.xml (recycle)
2025-08-08 19:12:22,255 [main] INFO  (LaContainerFactory@show():158) - ...Reading     embedded_creator.xml
2025-08-08 19:12:22,258 [main] INFO  (LaContainerFactory@show():158) - ...Reading       convention.xml (recycle)
2025-08-08 19:12:22,259 [main] INFO  (LaContainerFactory@show():158) - ...Reading       customizer.xml (recycle)
2025-08-08 19:12:22,271 [main] INFO  (LaContainerFactory@show():158) - ...Reading   customizer.xml (recycle)
2025-08-08 19:12:22,324 [main] INFO  (ObjectiveConfig@showBootLogging():242) - [Objective Config]
2025-08-08 19:12:22,325 [main] INFO  (ObjectiveConfig@showBootLogging():243) -  intro_config.properties extends [intro_env_production.properties]
2025-08-08 19:12:22,325 [main] INFO  (ObjectiveConfig@showBootLogging():246) -  checkImplicitOverride=true, propertyCount=20
2025-08-08 19:12:22,337 [main] INFO  (HookedXADataSource@showBootLogging():78) - [XA DataSource]
2025-08-08 19:12:22,337 [main] INFO  (HookedXADataSource@showBootLogging():79) -  driver: org.h2.Driver
2025-08-08 19:12:22,337 [main] INFO  (HookedXADataSource@showBootLogging():80) -  url: jdbc:h2:mem:introdb;DB_CLOSE_DELAY=-1
2025-08-08 19:12:22,337 [main] INFO  (HookedXADataSource@showBootLogging():81) -  newbornConnectionHook: null
2025-08-08 19:12:22,342 [main] INFO  (HookedConnectionPool@showBootLogging():60) - [Connection Pool]
2025-08-08 19:12:22,342 [main] INFO  (HookedConnectionPool@showBootLogging():61) -  maxPoolSize: 10
2025-08-08 19:12:22,343 [main] INFO  (HookedConnectionPool@showBootLogging():62) -  minPoolSize: 0
2025-08-08 19:12:22,343 [main] INFO  (HookedConnectionPool@showBootLogging():63) -  maxWait: 10000 milliseconds
2025-08-08 19:12:22,343 [main] INFO  (HookedConnectionPool@showBootLogging():64) -  timeout: 600 seconds
2025-08-08 19:12:22,343 [main] INFO  (DBFluteInitializer@announce():58) - ...Initializing DBFlute components
2025-08-08 19:12:22,361 [main] INFO  (SimplePrimaryCipher@showBootLogging():80) - [Primary Cipher]
2025-08-08 19:12:22,362 [main] INFO  (SimplePrimaryCipher@showBootLogging():81) -  invertibleCryptographer: {Blowfish, UTF-8}
2025-08-08 19:12:22,362 [main] INFO  (SimplePrimaryCipher@showBootLogging():82) -  oneWayCryptographer: {SHA-256, UTF-8}
2025-08-08 19:12:22,363 [main] INFO  (SimpleTimeManager@showBootLogging():111) - [Time Manager]
2025-08-08 19:12:22,363 [main] INFO  (SimpleTimeManager@showBootLogging():112) -  businessTimeHandler: TypicalBusinessTimeHandler:{IntroTimeResourceProvider$$Lambda$187/0x0000000800d52040, IntroTimeResourceProvider$$Lambda$188/0x0000000800d52440}
2025-08-08 19:12:22,363 [main] INFO  (SimpleTimeManager@showBootLogging():116) -  currentIgnoreTransaction: false
2025-08-08 19:12:22,364 [main] INFO  (SimpleTimeManager@showBootLogging():117) -  adjustTimeMillis: 0
2025-08-08 19:12:22,364 [main] INFO  (SimpleTimeManager@showBootLogging():118) -  adjustAbsoluteMode: false
2025-08-08 19:12:22,409 [main] INFO  (SimpleJsonManager@showBootLogging():147) - [JSON Manager]
2025-08-08 19:12:22,412 [main] INFO  (SimpleJsonManager@showBootLogging():148) -  realJsonParser: GsonJsonEngine
2025-08-08 19:12:22,413 [main] INFO  (ExceptionTranslator@showBootLogging():68) - [Exception Translator]
2025-08-08 19:12:22,413 [main] INFO  (ExceptionTranslator@showBootLogging():69) -  exceptionTranslationProvider: null
2025-08-08 19:12:22,415 [main] INFO  (SimpleAsyncManager@showBootLogging():242) - [Async Manager]
2025-08-08 19:12:22,415 [main] INFO  (SimpleAsyncManager@showBootLogging():243) -  defaultConcurrentAsyncOption: {no option}
2025-08-08 19:12:22,416 [main] INFO  (SimpleAsyncManager@showBootLogging():244) -  primaryExecutorService: ThreadPoolExecutor@52d10fb8
2025-08-08 19:12:22,416 [main] INFO  (SimpleAsyncManager@showBootLogging():245) -  secondaryExecutorService: ThreadPoolExecutor@41c07648
2025-08-08 19:12:22,416 [main] INFO  (SimpleAsyncManager@showBootLogging():246) -  tertiaryExecutorService: ThreadPoolExecutor@1fe8d51b
2025-08-08 19:12:22,416 [main] INFO  (Postbox@showBootLogging():81) - [Postbox]
2025-08-08 19:12:22,417 [main] INFO  (Postbox@showBootLogging():88) -  postOffice: *no used
2025-08-08 19:12:22,434 [main] INFO  (ActionPathResolver@showBootLogging():95) - [Action Resolver]
2025-08-08 19:12:22,434 [main] INFO  (ActionPathResolver@showBootLogging():96) -  actionAdjustmentProvider: org.dbflute.intro.mylasta.direction.sponsor.IntroActionAdjustmentProvider@69c43e48
2025-08-08 19:12:22,434 [main] INFO  (SimpleResponseManager@showBootLogging():106) - [Response Manager]
2025-08-08 19:12:22,434 [main] INFO  (SimpleResponseManager@showBootLogging():107) -  responseWritePerformerCreator: null
2025-08-08 19:12:22,434 [main] INFO  (SimpleResponseManager@showBootLogging():108) -  responseDownloadPerformerCreator: null
2025-08-08 19:12:22,435 [main] INFO  (SimpleResponseManager@showBootLogging():109) -  downloadExtensionContentTypeMap: null
2025-08-08 19:12:22,436 [main] INFO  (SimpleSessionManager@showBootLogging():109) - [Session Manager]
2025-08-08 19:12:22,437 [main] INFO  (SimpleSessionManager@showBootLogging():110) -  sessionSharedStorage: opt:{null}
2025-08-08 19:12:22,437 [main] INFO  (SimpleSessionManager@showBootLogging():111) -  httpSessionArranger: opt:{null}
2025-08-08 19:12:22,438 [main] INFO  (SimpleCookieManager@showBootLogging():93) - [Cookie Manager]
2025-08-08 19:12:22,438 [main] INFO  (SimpleCookieManager@showBootLogging():94) -  cookieCipher: {{Blowfish, UTF-8}}
2025-08-08 19:12:22,438 [main] INFO  (SimpleCookieManager@showBootLogging():95) -  defaultPath: /
2025-08-08 19:12:22,438 [main] INFO  (SimpleCookieManager@showBootLogging():96) -  defaultExpire: 31556926
2025-08-08 19:12:22,438 [main] INFO  (SimpleApiManager@showBootLogging():79) - [API Manager]
2025-08-08 19:12:22,438 [main] INFO  (SimpleApiManager@showBootLogging():80) -  apiFailureHook: IntroApiFailureHook
2025-08-08 19:12:22,440 [main] INFO  (SimpleRequestManager@showBootLogging():164) - [Request Manager]
2025-08-08 19:12:22,441 [main] INFO  (SimpleRequestManager@showBootLogging():165) -  localeProvider: {acceptCookieLocale=false}
2025-08-08 19:12:22,441 [main] INFO  (SimpleRequestManager@showBootLogging():166) -  timeZoneProvider: {useTimeZoneHandling=false, acceptCookieTimeZone=false}
2025-08-08 19:12:22,442 [main] INFO  (SimpleCsrfManager@showBootLogging():109) - [Csrf Manager]
2025-08-08 19:12:22,443 [main] INFO  (SimpleCsrfManager@showBootLogging():110) -  tokenHeaderName: X-CSRF-TOKEN
2025-08-08 19:12:22,443 [main] INFO  (SimpleCsrfManager@showBootLogging():111) -  tokenParameterName: _csrf
2025-08-08 19:12:22,443 [main] INFO  (SimpleCsrfManager@showBootLogging():112) -  tokenGenerator: org.lastaflute.web.token.SimpleCsrfManager$$Lambda$211/0x0000000800d95840@21680803
2025-08-08 19:12:22,443 [main] INFO  (SimpleDoubleSubmitManager@showBootLogging():96) - [DoubleSubmit Manager]
2025-08-08 19:12:22,443 [main] INFO  (SimpleDoubleSubmitManager@showBootLogging():97) -  allowsVerifyTokenBeforeValidation: false
2025-08-08 19:12:22,499 [main] DEBUG (LaLogger@log():118) - Registering component definition of class(org.dbflute.intro.app.web.intro.IntroAction[intro_introAction]).
2025-08-08 19:12:22,504 [main] DEBUG (LaLogger@log():118) - Registering component definition of class(org.dbflute.intro.app.web.SwaggerAction[swaggerAction]).
2025-08-08 19:12:22,540 [main] DEBUG (LaLogger@log():118) - Registering component definition of class(org.dbflute.intro.app.web.document.hacomment.DocumentHacommentAction[document_hacomment_documentHacommentAction]).
2025-08-08 19:12:22,548 [main] DEBUG (LaLogger@log():118) - Registering component definition of class(org.dbflute.intro.app.web.document.DocumentAction[document_documentAction]).
2025-08-08 19:12:22,645 [main] DEBUG (LaLogger@log():118) - Registering component definition of class(org.dbflute.intro.app.web.document.decomment.DocumentDecommentAction[document_decomment_documentDecommentAction]).
2025-08-08 19:12:22,709 [main] DEBUG (LaLogger@log():118) - Registering component definition of class(org.dbflute.intro.app.web.welcome.WelcomeAction[welcome_welcomeAction]).
2025-08-08 19:12:22,729 [main] DEBUG (LaLogger@log():118) - Registering component definition of class(org.dbflute.intro.app.web.task.TaskAction[task_taskAction]).
2025-08-08 19:12:22,741 [main] DEBUG (LaLogger@log():118) - Registering component definition of class(org.dbflute.intro.app.web.log.LogAction[log_logAction]).
2025-08-08 19:12:22,764 [main] DEBUG (LaLogger@log():118) - Registering component definition of class(org.dbflute.intro.app.web.dfprop.settings.DfpropSettingsAction[dfprop_settings_dfpropSettingsAction]).
2025-08-08 19:12:22,808 [main] DEBUG (LaLogger@log():118) - Registering component definition of class(org.dbflute.intro.app.web.dfprop.schemapolicy.statement.DfpropSchemapolicyStatementAction[dfprop_schemapolicy_statement_dfpropSchemapolicyStatementAction]).
2025-08-08 19:12:22,850 [main] DEBUG (LaLogger@log():118) - Registering component definition of class(org.dbflute.intro.app.web.dfprop.schemapolicy.DfpropSchemapolicyAction[dfprop_schemapolicy_dfpropSchemapolicyAction]).
2025-08-08 19:12:22,865 [main] DEBUG (LaLogger@log():118) - Registering component definition of class(org.dbflute.intro.app.web.dfprop.schemasync.DfpropSchemasyncAction[dfprop_schemasync_dfpropSchemasyncAction]).
2025-08-08 19:12:22,882 [main] DEBUG (LaLogger@log():118) - Registering component definition of class(org.dbflute.intro.app.web.dfprop.document.DfpropDocumentAction[dfprop_document_dfpropDocumentAction]).
2025-08-08 19:12:22,892 [main] DEBUG (LaLogger@log():118) - Registering component definition of class(org.dbflute.intro.app.web.dfprop.DfpropAction[dfprop_dfpropAction]).
2025-08-08 19:12:22,915 [main] DEBUG (LaLogger@log():118) - Registering component definition of class(org.dbflute.intro.app.web.engine.EngineAction[engine_engineAction]).
2025-08-08 19:12:22,921 [main] DEBUG (LaLogger@log():118) - Registering component definition of class(org.dbflute.intro.app.web.client.propbase.ClientPropbaseAction[client_propbase_clientPropbaseAction]).
2025-08-08 19:12:22,926 [main] DEBUG (LaLogger@log():118) - Registering component definition of class(org.dbflute.intro.app.web.client.ClientUpdateAssist[client_clientUpdateAssist]).
2025-08-08 19:12:22,937 [main] DEBUG (LaLogger@log():118) - Registering component definition of class(org.dbflute.intro.app.web.client.ClientAction[client_clientAction]).
2025-08-08 19:12:22,940 [main] DEBUG (LaLogger@log():118) - Registering component definition of class(org.dbflute.intro.app.web.client.list.ClientListAction[client_list_clientListAction]).
2025-08-08 19:12:22,948 [main] DEBUG (LaLogger@log():118) - Registering component definition of class(org.dbflute.intro.app.web.playsql.PlaysqlAction[playsql_playsqlAction]).
2025-08-08 19:12:22,955 [main] DEBUG (LaLogger@log():118) - Registering component definition of class(org.dbflute.intro.app.web.playsql.data.PlaysqlDataAction[playsql_data_playsqlDataAction]).
2025-08-08 19:12:22,965 [main] DEBUG (LaLogger@log():118) - Registering component definition of class(org.dbflute.intro.app.web.playsql.migration.alter.PlaysqlMigrationAlterAssist[playsql_migration_alter_playsqlMigrationAlterAssist]).
2025-08-08 19:12:22,984 [main] DEBUG (LaLogger@log():118) - Registering component definition of class(org.dbflute.intro.app.web.playsql.migration.alter.PlaysqlMigrationAlterAction[playsql_migration_alter_playsqlMigrationAlterAction]).
2025-08-08 19:12:22,994 [main] DEBUG (LaLogger@log():118) - Registering component definition of class(org.dbflute.intro.app.web.base.cls.IntroClsAssist[base_cls_introClsAssist]).
2025-08-08 19:12:23,005 [main] DEBUG (LaLogger@log():118) - Registering component definition of class(org.dbflute.intro.app.logic.context.AccessContextLogic[context_accessContextLogic]).
2025-08-08 19:12:23,006 [main] DEBUG (LaLogger@log():118) - Registering component definition of class(org.dbflute.intro.app.logic.core.FlutyFileLogic[core_flutyFileLogic]).
2025-08-08 19:12:23,008 [main] DEBUG (LaLogger@log():118) - Registering component definition of class(org.dbflute.intro.app.logic.core.PublicPropertiesLogic[core_publicPropertiesLogic]).
2025-08-08 19:12:23,010 [main] DEBUG (LaLogger@log():118) - Registering component definition of class(org.dbflute.intro.app.logic.core.MapStringLogic[core_mapStringLogic]).
2025-08-08 19:12:23,013 [main] DEBUG (LaLogger@log():118) - Registering component definition of class(org.dbflute.intro.app.logic.intro.IntroPhysicalLogic[intro_introPhysicalLogic]).
2025-08-08 19:12:23,016 [main] DEBUG (LaLogger@log():118) - Registering component definition of class(org.dbflute.intro.app.logic.intro.IntroReadLogic[intro_introReadLogic]).
2025-08-08 19:12:23,018 [main] DEBUG (LaLogger@log():118) - Registering component definition of class(org.dbflute.intro.app.logic.intro.IntroSystemLogic[intro_introSystemLogic]).
2025-08-08 19:12:23,021 [main] DEBUG (LaLogger@log():118) - Registering component definition of class(org.dbflute.intro.app.logic.document.hacomment.DocumentHacommentPhysicalLogic[document_hacomment_documentHacommentPhysicalLogic]).
2025-08-08 19:12:23,022 [main] DEBUG (LaLogger@log():118) - Registering component definition of class(org.dbflute.intro.app.logic.document.DocumentPhysicalLogic[document_documentPhysicalLogic]).
2025-08-08 19:12:23,023 [main] DEBUG (LaLogger@log():118) - Registering component definition of class(org.dbflute.intro.app.logic.document.DocumentDisplayLogic[document_documentDisplayLogic]).
2025-08-08 19:12:23,029 [main] DEBUG (LaLogger@log():118) - Registering component definition of class(org.dbflute.intro.app.logic.document.DocumentAuthorLogic[document_documentAuthorLogic]).
2025-08-08 19:12:23,030 [main] DEBUG (LaLogger@log():118) - Registering component definition of class(org.dbflute.intro.app.logic.document.decomment.DocumentDecommentPhysicalLogic[document_decomment_documentDecommentPhysicalLogic]).
2025-08-08 19:12:23,033 [main] DEBUG (LaLogger@log():118) - Registering component definition of class(org.dbflute.intro.app.logic.task.TaskExecutionLogic[task_taskExecutionLogic]).
2025-08-08 19:12:23,034 [main] DEBUG (LaLogger@log():118) - Registering component definition of class(org.dbflute.intro.app.logic.log.LogPhysicalLogic[log_logPhysicalLogic]).
2025-08-08 19:12:23,036 [main] DEBUG (LaLogger@log():118) - Registering component definition of class(org.dbflute.intro.app.logic.dfprop.database.DatabaseInfoLogic[dfprop_database_databaseInfoLogic]).
2025-08-08 19:12:23,047 [main] DEBUG (LaLogger@log():118) - Registering component definition of class(org.dbflute.intro.app.logic.dfprop.schemapolicy.DfpropSchemaPolicyReadLogic[dfprop_schemapolicy_dfpropSchemaPolicyReadLogic]).
2025-08-08 19:12:23,048 [main] DEBUG (LaLogger@log():118) - Registering component definition of class(org.dbflute.intro.app.logic.dfprop.schemapolicy.file.DfpropSchemaPolicyFileCommentLogic[dfprop_schemapolicy_file_dfpropSchemaPolicyFileCommentLogic]).
2025-08-08 19:12:23,053 [main] DEBUG (LaLogger@log():118) - Registering component definition of class(org.dbflute.intro.app.logic.dfprop.schemapolicy.file.DfpropSchemaPolicyFileReplaceLogic[dfprop_schemapolicy_file_dfpropSchemaPolicyFileReplaceLogic]).
2025-08-08 19:12:23,056 [main] DEBUG (LaLogger@log():118) - Registering component definition of class(org.dbflute.intro.app.logic.dfprop.schemapolicy.DfpropSchemaPolicyUpdateLogic[dfprop_schemapolicy_dfpropSchemaPolicyUpdateLogic]).
2025-08-08 19:12:23,056 [main] DEBUG (LaLogger@log():118) - Registering component definition of class(org.dbflute.intro.app.logic.dfprop.schemapolicy.DfpropSchemaPolicyDefLogic[dfprop_schemapolicy_dfpropSchemaPolicyDefLogic]).
2025-08-08 19:12:23,058 [main] DEBUG (LaLogger@log():118) - Registering component definition of class(org.dbflute.intro.app.logic.dfprop.basic.BasicInfoLogic[dfprop_basic_basicInfoLogic]).
2025-08-08 19:12:23,061 [main] DEBUG (LaLogger@log():118) - Registering component definition of class(org.dbflute.intro.app.logic.dfprop.TestConnectionLogic[dfprop_testConnectionLogic]).
2025-08-08 19:12:23,065 [main] DEBUG (LaLogger@log():118) - Registering component definition of class(org.dbflute.intro.app.logic.dfprop.DfpropReadLogic[dfprop_dfpropReadLogic]).
2025-08-08 19:12:23,065 [main] DEBUG (LaLogger@log():118) - Registering component definition of class(org.dbflute.intro.app.logic.dfprop.DfpropUpdateLogic[dfprop_dfpropUpdateLogic]).
2025-08-08 19:12:23,069 [main] DEBUG (LaLogger@log():118) - Registering component definition of class(org.dbflute.intro.app.logic.dfprop.DfpropPhysicalLogic[dfprop_dfpropPhysicalLogic]).
2025-08-08 19:12:23,070 [main] DEBUG (LaLogger@log():118) - Registering component definition of class(org.dbflute.intro.app.logic.engine.EngineInstallLogic[engine_engineInstallLogic]).
2025-08-08 19:12:23,071 [main] DEBUG (LaLogger@log():118) - Registering component definition of class(org.dbflute.intro.app.logic.engine.EngineReadLogic[engine_engineReadLogic]).
2025-08-08 19:12:23,071 [main] DEBUG (LaLogger@log():118) - Registering component definition of class(org.dbflute.intro.app.logic.engine.EnginePhysicalLogic[engine_enginePhysicalLogic]).
2025-08-08 19:12:23,079 [main] DEBUG (LaLogger@log():118) - Registering component definition of class(org.dbflute.intro.app.logic.client.ClientUpdateLogic[client_clientUpdateLogic]).
2025-08-08 19:12:23,089 [main] DEBUG (LaLogger@log():118) - Registering component definition of class(org.dbflute.intro.app.logic.client.ClientReadLogic[client_clientReadLogic]).
2025-08-08 19:12:23,089 [main] DEBUG (LaLogger@log():118) - Registering component definition of class(org.dbflute.intro.app.logic.client.ClientPhysicalLogic[client_clientPhysicalLogic]).
2025-08-08 19:12:23,090 [main] DEBUG (LaLogger@log():118) - Registering component definition of class(org.dbflute.intro.app.logic.client.projectinfra.ClientProjectInfraReadLogic[client_projectinfra_clientProjectInfraReadLogic]).
2025-08-08 19:12:23,091 [main] DEBUG (LaLogger@log():118) - Registering component definition of class(org.dbflute.intro.app.logic.playsql.data.PlaysqlDataLogic[playsql_data_playsqlDataLogic]).
2025-08-08 19:12:23,097 [main] DEBUG (LaLogger@log():118) - Registering component definition of class(org.dbflute.intro.app.logic.playsql.migration.info.PlaysqlMigrationReadLogic[playsql_migration_info_playsqlMigrationReadLogic]).
2025-08-08 19:12:23,098 [main] DEBUG (LaLogger@log():118) - Registering component definition of class(org.dbflute.intro.app.logic.playsql.migration.PlaysqlMigrationPhysicalLogic[playsql_migration_playsqlMigrationPhysicalLogic]).
2025-08-08 19:12:23,098 [main] DEBUG (LaLogger@log():118) - Registering component definition of class(org.dbflute.intro.app.logic.playsql.migration.PlaysqlMigrationUpdateLogic[playsql_migration_playsqlMigrationUpdateLogic]).
2025-08-08 19:12:23,100 [main] DEBUG (LaLogger@log():118) - Registering component definition of class(org.dbflute.intro.app.logic.playsql.PlaysqlPhysicalLogic[playsql_playsqlPhysicalLogic]).
2025-08-08 19:12:23,105 [main] INFO  (SingletonLaContainerFactory@showBoot():119) - Lasta Di boot successfully.
2025-08-08 19:12:23,106 [main] INFO  (SingletonLaContainerFactory@showBoot():120) -   SmartDeploy Mode: Cool Deploy
2025-08-08 19:12:23,107 [main] INFO  (SingletonLaContainerFactory@showBoot():130) -   Smart Package: org.dbflute.intro.app
2025-08-08 19:12:23,110 [main] INFO  (MessageResourcesHolder@acceptGateway():61) - ...Accepting the gateway of message resources: gateway:{ObjectiveMessageResources:{application=not initialized yet, cached=[no cached bundle]}}
2025-08-08 19:12:23,110 [main] INFO  (DBFluteSystem@unlock():242) - ...Unlocking the DBFlute system
2025-08-08 19:12:23,111 [main] INFO  (DBFluteSystem@setFinalTimeZoneProvider():218) - ...Setting finalTimeZoneProvider: IntroCurtainBeforeHook$1:{Asia/Tokyo}
2025-08-08 19:12:23,111 [main] INFO  (DBFluteSystem@lock():232) - ...Locking the DBFlute system
2025-08-08 19:12:23,115 [main] DEBUG (IntroDBInitializer@createSchema():70) - ...Creating IntroDB: introdb/create-schema.sql
2025-08-08 19:12:23,329 [main] DEBUG (SimpleConnectionPool@createConnection():277) - Created physical connection: tx=null, conn=conn0: url=jdbc:h2:mem:introdb user=INTRODB
2025-08-08 19:12:23,378 [main] DEBUG (IntroDBInitializer@registerTsv():123) - ...Registering TSV: 10-CLS_TARGET_DATABASE.tsv
2025-08-08 19:12:23,446 [main] DEBUG (XLog@log():43) - ...Initializing sqlExecution for the key 'CLS_TARGET_DATABASE:batchInsert(List<ClsTargetDatabase>)'
2025-08-08 19:12:23,490 [main] DEBUG (XLog@log():43) - SqlExecution Initialization Cost: [00m00s044ms]
2025-08-08 19:12:23,495 [main] DEBUG (XLog@log():43) - /==================================================================================
2025-08-08 19:12:23,496 [main] DEBUG (XLog@log():43) -                                                       BehaviorWritable.lumpCreate()
2025-08-08 19:12:23,496 [main] DEBUG (XLog@log():43) -                                                       ============================/
2025-08-08 19:12:23,516 [main] DEBUG (QLog@log():43) - 
insert into CLS_TARGET_DATABASE (DATABASE_CODE, DATABASE_NAME, JDBC_DRIVER_FQCN, URL_TEMPLATE, DEFAULT_SCHEMA, SCHEMA_REQUIRED_FLG, SCHEMA_UPPER_CASE_FLG, USER_INPUT_ASSIST_FLG, EMBEDDED_JAR_FLG, DISPLAY_ORDER)
 values ('mysql', 'MySQL', 'com.mysql.jdbc.Driver', 'jdbc:mysql://localhost:3306/xxx', null, 0, 0, 0, 1, 1);
insert into CLS_TARGET_DATABASE (DATABASE_CODE, DATABASE_NAME, JDBC_DRIVER_FQCN, URL_TEMPLATE, DEFAULT_SCHEMA, SCHEMA_REQUIRED_FLG, SCHEMA_UPPER_CASE_FLG, USER_INPUT_ASSIST_FLG, EMBEDDED_JAR_FLG, DISPLAY_ORDER)
 values ('postgresql', 'PostgreSQL', 'org.postgresql.Driver', 'jdbc:postgresql://localhost:5432/xxx', 'public', 1, 0, 0, 1, 2);
insert into CLS_TARGET_DATABASE (DATABASE_CODE, DATABASE_NAME, JDBC_DRIVER_FQCN, URL_TEMPLATE, DEFAULT_SCHEMA, SCHEMA_REQUIRED_FLG, SCHEMA_UPPER_CASE_FLG, USER_INPUT_ASSIST_FLG, EMBEDDED_JAR_FLG, DISPLAY_ORDER)
 values ('oracle', 'Oracle', 'oracle.jdbc.OracleDriver', 'jdbc:oracle:thin:@localhost:1521:xxx', 'xxx', 1, 1, 1, 0, 3);
insert into CLS_TARGET_DATABASE (DATABASE_CODE, DATABASE_NAME, JDBC_DRIVER_FQCN, URL_TEMPLATE, DEFAULT_SCHEMA, SCHEMA_REQUIRED_FLG, SCHEMA_UPPER_CASE_FLG, USER_INPUT_ASSIST_FLG, EMBEDDED_JAR_FLG, DISPLAY_ORDER)
 values ('db2', 'DB2', 'com.ibm.db2.jcc.DB2Driver', 'jdbc:db2://localhost:50000/xxx', 'xxx', 1, 1, 1, 0, 4);
insert into CLS_TARGET_DATABASE (DATABASE_CODE, DATABASE_NAME, JDBC_DRIVER_FQCN, URL_TEMPLATE, DEFAULT_SCHEMA, SCHEMA_REQUIRED_FLG, SCHEMA_UPPER_CASE_FLG, USER_INPUT_ASSIST_FLG, EMBEDDED_JAR_FLG, DISPLAY_ORDER)
 values ('sqlserver', 'SQLServer', 'com.microsoft.sqlserver.jdbc.SQLServerDriver', 'jdbc:sqlserver://localhost:1433;DatabaseName=xxx;', 'dbo', 1, 0, 0, 0, 5);
insert into CLS_TARGET_DATABASE (DATABASE_CODE, DATABASE_NAME, JDBC_DRIVER_FQCN, URL_TEMPLATE, DEFAULT_SCHEMA, SCHEMA_REQUIRED_FLG, SCHEMA_UPPER_CASE_FLG, USER_INPUT_ASSIST_FLG, EMBEDDED_JAR_FLG, DISPLAY_ORDER)
 values ('h2', 'H2 Database', 'org.h2.Driver', 'jdbc:h2:file:xxx', 'PUBLIC', 1, 0, 0, 1, 6);
insert into CLS_TARGET_DATABASE (DATABASE_CODE, DATABASE_NAME, JDBC_DRIVER_FQCN, URL_TEMPLATE, DEFAULT_SCHEMA, SCHEMA_REQUIRED_FLG, SCHEMA_UPPER_CASE_FLG, USER_INPUT_ASSIST_FLG, EMBEDDED_JAR_FLG, DISPLAY_ORDER)
 values ('derby', 'Apache Derby', 'org.apache.derby.jdbc.EmbeddedDriver', 'jdbc:derby:xxx;create=true', 'xxx', 1, 1, 1, 0, 7);
2025-08-08 19:12:23,522 [main] DEBUG (XLog@log():43) - ===========/ [00m00s026ms all-updated=(7) result={1,1,1,1,1,1,1}]
2025-08-08 19:12:23,522 [main] DEBUG (XLog@log():43) -  
2025-08-08 19:12:23,525 [main] DEBUG (IntroDBInitializer@registerTsv():123) - ...Registering TSV: 12-CLS_TARGET_LANGUAGE.tsv
2025-08-08 19:12:23,538 [main] DEBUG (XLog@log():43) - ...Initializing sqlExecution for the key 'CLS_TARGET_LANGUAGE:batchInsert(List<ClsTargetLanguage>)'
2025-08-08 19:12:23,540 [main] DEBUG (XLog@log():43) - SqlExecution Initialization Cost: [00m00s002ms]
2025-08-08 19:12:23,540 [main] DEBUG (XLog@log():43) - /==================================================================================
2025-08-08 19:12:23,540 [main] DEBUG (XLog@log():43) -                                                       BehaviorWritable.lumpCreate()
2025-08-08 19:12:23,540 [main] DEBUG (XLog@log():43) -                                                       ============================/
2025-08-08 19:12:23,541 [main] DEBUG (QLog@log():43) - 
insert into CLS_TARGET_LANGUAGE (LANGUAGE_CODE, LANGUAGE_NAME, DISPLAY_ORDER)
 values ('java', 'Java', 1);
insert into CLS_TARGET_LANGUAGE (LANGUAGE_CODE, LANGUAGE_NAME, DISPLAY_ORDER)
 values ('csharp', 'C#', 2);
insert into CLS_TARGET_LANGUAGE (LANGUAGE_CODE, LANGUAGE_NAME, DISPLAY_ORDER)
 values ('scala', 'Scala', 3);
2025-08-08 19:12:23,543 [main] DEBUG (XLog@log():43) - ===========/ [00m00s002ms all-updated=(3) result={1,1,1}]
2025-08-08 19:12:23,543 [main] DEBUG (XLog@log():43) -  
2025-08-08 19:12:23,545 [main] DEBUG (IntroDBInitializer@registerTsv():123) - ...Registering TSV: 14-CLS_TARGET_CONTAINER.tsv
2025-08-08 19:12:23,555 [main] DEBUG (XLog@log():43) - ...Initializing sqlExecution for the key 'CLS_TARGET_CONTAINER:batchInsert(List<ClsTargetContainer>)'
2025-08-08 19:12:23,558 [main] DEBUG (XLog@log():43) - SqlExecution Initialization Cost: [00m00s003ms]
2025-08-08 19:12:23,558 [main] DEBUG (XLog@log():43) - /==================================================================================
2025-08-08 19:12:23,558 [main] DEBUG (XLog@log():43) -                                                       BehaviorWritable.lumpCreate()
2025-08-08 19:12:23,558 [main] DEBUG (XLog@log():43) -                                                       ============================/
2025-08-08 19:12:23,559 [main] DEBUG (QLog@log():43) - 
insert into CLS_TARGET_CONTAINER (CONTAINER_CODE, CONTAINER_NAME, DISPLAY_ORDER)
 values ('lasta_di', 'Lasta Di', 1);
insert into CLS_TARGET_CONTAINER (CONTAINER_CODE, CONTAINER_NAME, DISPLAY_ORDER)
 values ('spring', 'Spring Framework', 2);
insert into CLS_TARGET_CONTAINER (CONTAINER_CODE, CONTAINER_NAME, DISPLAY_ORDER)
 values ('guice', 'Google Guice', 3);
insert into CLS_TARGET_CONTAINER (CONTAINER_CODE, CONTAINER_NAME, DISPLAY_ORDER)
 values ('seasar', 'Seasar (S2Container)', 4);
insert into CLS_TARGET_CONTAINER (CONTAINER_CODE, CONTAINER_NAME, DISPLAY_ORDER)
 values ('cdi', 'CDI', 5);
2025-08-08 19:12:23,561 [main] DEBUG (XLog@log():43) - ===========/ [00m00s003ms all-updated=(5) result={1,1,1,1,1}]
2025-08-08 19:12:23,563 [main] DEBUG (XLog@log():43) -  
2025-08-08 19:12:23,570 [main] INFO  (LastaToActionFilter@showBoot():106) - _/_/_/_/_/_/_/_/_/_/_/_/_/_/_/_/_/_/_/_/_/
2025-08-08 19:12:23,570 [main] INFO  (LastaToActionFilter@showBoot():107) -  the system has been initialized:
2025-08-08 19:12:23,571 [main] INFO  (LastaToActionFilter@showBoot():108) - 
2025-08-08 19:12:23,571 [main] INFO  (LastaToActionFilter@showBoot():109) -   -> Intro (Production)
2025-08-08 19:12:23,571 [main] INFO  (LastaToActionFilter@showBoot():110) - _/_/_/_/_/_/_/_/_/_/
2025-08-08 19:13:51,275 [qtp1265210847-30] DEBUG (RequestLoggingFilter@before():405) - * * * * * * * * * * {BEGIN}: /api/intro/configuration
  requestClass=org.eclipse.jetty.server.Request ; sessionId=null
  ; url=http://localhost:8926/api/intro/configuration
  ; method=POST ; protocol=HTTP/1.1 ; scheme=http ; secure=false ; remoteAddr=[0:0:0:0:0:0:0:1] ; remoteHost=[0:0:0:0:0:0:0:1]
  ; characterEncoding=UTF-8 ; contentLength=0 ; contentType=null ; locale=ja ; locales=ja,en_US,en
  [header] Accept=*/*
  [header] Accept-Encoding=gzip, deflate, br, zstd
  [header] Accept-Language=ja,en-US;q=0.9,en;q=0.8
  [header] Connection=keep-alive
  [header] Content-Length=0
  [header] Host=localhost:8926
  [header] Origin=http://localhost:8926
  [header] Referer=http://localhost:8926/
  [header] Sec-Fetch-Dest=empty
  [header] Sec-Fetch-Mode=cors
  [header] Sec-Fetch-Site=same-origin
  [header] User-Agent=Mozilla/5.0 (Macintosh; Intel Mac OS X 10_15_7) AppleWebKit/537.36 (KHTML, like Gecko) Chrome/129.0.0.0 Safari/537.36
  [header] sec-ch-ua="Google Chrome";v="129", "Not=A?Brand";v="8", "Chromium";v="129"
  [header] sec-ch-ua-mobile=?0
  [header] sec-ch-ua-platform="macOS"
2025-08-08 19:13:51,277 [qtp1265210847-19] DEBUG (RequestLoggingFilter@before():405) - * * * * * * * * * * {BEGIN}: /api/engine/versions
  requestClass=org.eclipse.jetty.server.Request ; sessionId=null
  ; url=http://localhost:8926/api/engine/versions
  ; method=POST ; protocol=HTTP/1.1 ; scheme=http ; secure=false ; remoteAddr=[0:0:0:0:0:0:0:1] ; remoteHost=[0:0:0:0:0:0:0:1]
  ; characterEncoding=UTF-8 ; contentLength=0 ; contentType=null ; locale=ja ; locales=ja,en_US,en
  [header] Accept=*/*
  [header] Accept-Encoding=gzip, deflate, br, zstd
  [header] Accept-Language=ja,en-US;q=0.9,en;q=0.8
  [header] Connection=keep-alive
  [header] Content-Length=0
  [header] Host=localhost:8926
  [header] Origin=http://localhost:8926
  [header] Referer=http://localhost:8926/
  [header] Sec-Fetch-Dest=empty
  [header] Sec-Fetch-Mode=cors
  [header] Sec-Fetch-Site=same-origin
  [header] User-Agent=Mozilla/5.0 (Macintosh; Intel Mac OS X 10_15_7) AppleWebKit/537.36 (KHTML, like Gecko) Chrome/129.0.0.0 Safari/537.36
  [header] sec-ch-ua="Google Chrome";v="129", "Not=A?Brand";v="8", "Chromium";v="129"
  [header] sec-ch-ua-mobile=?0
  [header] sec-ch-ua-platform="macOS"
2025-08-08 19:13:51,277 [qtp1265210847-13] DEBUG (RequestLoggingFilter@before():405) - * * * * * * * * * * {BEGIN}: /api/client/list
  requestClass=org.eclipse.jetty.server.Request ; sessionId=null
  ; url=http://localhost:8926/api/client/list
  ; method=POST ; protocol=HTTP/1.1 ; scheme=http ; secure=false ; remoteAddr=[0:0:0:0:0:0:0:1] ; remoteHost=[0:0:0:0:0:0:0:1]
  ; characterEncoding=UTF-8 ; contentLength=0 ; contentType=null ; locale=ja ; locales=ja,en_US,en
  [header] Accept=*/*
  [header] Accept-Encoding=gzip, deflate, br, zstd
  [header] Accept-Language=ja,en-US;q=0.9,en;q=0.8
  [header] Connection=keep-alive
  [header] Content-Length=0
  [header] Host=localhost:8926
  [header] Origin=http://localhost:8926
  [header] Referer=http://localhost:8926/
  [header] Sec-Fetch-Dest=empty
  [header] Sec-Fetch-Mode=cors
  [header] Sec-Fetch-Site=same-origin
  [header] User-Agent=Mozilla/5.0 (Macintosh; Intel Mac OS X 10_15_7) AppleWebKit/537.36 (KHTML, like Gecko) Chrome/129.0.0.0 Safari/537.36
  [header] sec-ch-ua="Google Chrome";v="129", "Not=A?Brand";v="8", "Chromium";v="129"
  [header] sec-ch-ua-mobile=?0
  [header] sec-ch-ua-platform="macOS"
2025-08-08 19:13:51,275 [qtp1265210847-29] DEBUG (RequestLoggingFilter@before():405) - * * * * * * * * * * {BEGIN}: /api/engine/latest
  requestClass=org.eclipse.jetty.server.Request ; sessionId=null
  ; url=http://localhost:8926/api/engine/latest
  ; method=POST ; protocol=HTTP/1.1 ; scheme=http ; secure=false ; remoteAddr=[0:0:0:0:0:0:0:1] ; remoteHost=[0:0:0:0:0:0:0:1]
  ; characterEncoding=UTF-8 ; contentLength=0 ; contentType=null ; locale=ja ; locales=ja,en_US,en
  [header] Accept=*/*
  [header] Accept-Encoding=gzip, deflate, br, zstd
  [header] Accept-Language=ja,en-US;q=0.9,en;q=0.8
  [header] Connection=keep-alive
  [header] Content-Length=0
  [header] Host=localhost:8926
  [header] Origin=http://localhost:8926
  [header] Referer=http://localhost:8926/
  [header] Sec-Fetch-Dest=empty
  [header] Sec-Fetch-Mode=cors
  [header] Sec-Fetch-Site=same-origin
  [header] User-Agent=Mozilla/5.0 (Macintosh; Intel Mac OS X 10_15_7) AppleWebKit/537.36 (KHTML, like Gecko) Chrome/129.0.0.0 Safari/537.36
  [header] sec-ch-ua="Google Chrome";v="129", "Not=A?Brand";v="8", "Chromium";v="129"
  [header] sec-ch-ua-mobile=?0
  [header] sec-ch-ua-platform="macOS"
2025-08-08 19:13:51,275 [qtp1265210847-17] DEBUG (RequestLoggingFilter@before():405) - * * * * * * * * * * {BEGIN}: /api/intro/manifest
  requestClass=org.eclipse.jetty.server.Request ; sessionId=null
  ; url=http://localhost:8926/api/intro/manifest
  ; method=POST ; protocol=HTTP/1.1 ; scheme=http ; secure=false ; remoteAddr=[0:0:0:0:0:0:0:1] ; remoteHost=[0:0:0:0:0:0:0:1]
  ; characterEncoding=UTF-8 ; contentLength=0 ; contentType=null ; locale=ja ; locales=ja,en_US,en
  [header] Accept=*/*
  [header] Accept-Encoding=gzip, deflate, br, zstd
  [header] Accept-Language=ja,en-US;q=0.9,en;q=0.8
  [header] Connection=keep-alive
  [header] Content-Length=0
  [header] Host=localhost:8926
  [header] Origin=http://localhost:8926
  [header] Referer=http://localhost:8926/
  [header] Sec-Fetch-Dest=empty
  [header] Sec-Fetch-Mode=cors
  [header] Sec-Fetch-Site=same-origin
  [header] User-Agent=Mozilla/5.0 (Macintosh; Intel Mac OS X 10_15_7) AppleWebKit/537.36 (KHTML, like Gecko) Chrome/129.0.0.0 Safari/537.36
  [header] sec-ch-ua="Google Chrome";v="129", "Not=A?Brand";v="8", "Chromium";v="129"
  [header] sec-ch-ua-mobile=?0
  [header] sec-ch-ua-platform="macOS"
2025-08-08 19:13:51,359 [qtp1265210847-17] DEBUG (RequestRoutingFilter@processAction():284) - ...Routing to action: name=intro_introAction params={manifest}
2025-08-08 19:13:51,362 [qtp1265210847-29] DEBUG (RequestRoutingFilter@processAction():284) - ...Routing to action: name=engine_engineAction params={latest}
2025-08-08 19:13:51,362 [qtp1265210847-17] DEBUG (RequestRoutingFilter@processAction():285) -  by the mapping path: /intro/manifest
2025-08-08 19:13:51,359 [qtp1265210847-19] DEBUG (RequestRoutingFilter@processAction():284) - ...Routing to action: name=engine_engineAction params={versions}
2025-08-08 19:13:51,359 [qtp1265210847-30] DEBUG (RequestRoutingFilter@processAction():284) - ...Routing to action: name=intro_introAction params={configuration}
2025-08-08 19:13:51,363 [qtp1265210847-29] DEBUG (RequestRoutingFilter@processAction():285) -  by the mapping path: /engine/latest
2025-08-08 19:13:51,363 [qtp1265210847-30] DEBUG (RequestRoutingFilter@processAction():285) -  by the mapping path: /intro/configuration
2025-08-08 19:13:51,363 [qtp1265210847-19] DEBUG (RequestRoutingFilter@processAction():285) -  by the mapping path: /engine/versions
2025-08-08 19:13:51,369 [qtp1265210847-13] DEBUG (RequestRoutingFilter@processAction():284) - ...Routing to action: name=client_list_clientListAction params={}
2025-08-08 19:13:51,369 [qtp1265210847-13] DEBUG (RequestRoutingFilter@processAction():285) -  by the mapping path: /client/list
2025-08-08 19:13:51,443 [qtp1265210847-13] DEBUG (SimpleRequestManager@saveUserLocaleToSession():738) - ...Saving user locale to session: ja
2025-08-08 19:13:51,443 [qtp1265210847-30] DEBUG (SimpleRequestManager@saveUserLocaleToSession():738) - ...Saving user locale to session: ja
2025-08-08 19:13:51,443 [qtp1265210847-17] DEBUG (SimpleRequestManager@saveUserLocaleToSession():738) - ...Saving user locale to session: ja
2025-08-08 19:13:51,443 [qtp1265210847-29] DEBUG (SimpleRequestManager@saveUserLocaleToSession():738) - ...Saving user locale to session: ja
2025-08-08 19:13:51,443 [qtp1265210847-19] DEBUG (SimpleRequestManager@saveUserLocaleToSession():738) - ...Saving user locale to session: ja
2025-08-08 19:13:51,457 [qtp1265210847-13] DEBUG (GodHandableAction@showBefore():266) - #flow ...Calling back #before for ClientListAction
2025-08-08 19:13:51,457 [qtp1265210847-19] DEBUG (GodHandableAction@showBefore():266) - #flow ...Calling back #before for EngineAction
2025-08-08 19:13:51,457 [qtp1265210847-17] DEBUG (GodHandableAction@showBefore():266) - #flow ...Calling back #before for IntroAction
2025-08-08 19:13:51,457 [qtp1265210847-30] DEBUG (GodHandableAction@showBefore():266) - #flow ...Calling back #before for IntroAction
2025-08-08 19:13:51,457 [qtp1265210847-29] DEBUG (ActionFormMapper@prepareJsonFromRequestBody():235) - #flow ...Parsing JSON from request body: *empty body
2025-08-08 19:13:51,477 [qtp1265210847-29] DEBUG (GodHandableAction@showBefore():266) - #flow ...Calling back #before for EngineAction
2025-08-08 19:13:51,508 [qtp1265210847-19] DEBUG (LaTransaction@begin():83) - Begin transaction: [FormatId=4360, GlobalId=1754648031508/2, BranchId=]
2025-08-08 19:13:51,508 [qtp1265210847-29] DEBUG (LaTransaction@begin():83) - Begin transaction: [FormatId=4360, GlobalId=1754648031508/3, BranchId=]
2025-08-08 19:13:51,508 [qtp1265210847-17] DEBUG (LaTransaction@begin():83) - Begin transaction: [FormatId=4360, GlobalId=1754648031508/1, BranchId=]
2025-08-08 19:13:51,508 [qtp1265210847-13] DEBUG (LaTransaction@begin():83) - Begin transaction: [FormatId=4360, GlobalId=1754648031508/0, BranchId=]
2025-08-08 19:13:51,508 [qtp1265210847-30] DEBUG (LaTransaction@begin():83) - Begin transaction: [FormatId=4360, GlobalId=1754648031508/4, BranchId=]
2025-08-08 19:13:51,509 [qtp1265210847-29] DEBUG (GodHandableAction@showAction():348) - #flow ...Beginning #action EngineAction@latest()
2025-08-08 19:13:51,509 [qtp1265210847-30] DEBUG (GodHandableAction@showAction():348) - #flow ...Beginning #action IntroAction@configuration()
2025-08-08 19:13:51,509 [qtp1265210847-19] DEBUG (GodHandableAction@showAction():348) - #flow ...Beginning #action EngineAction@versions()
2025-08-08 19:13:51,509 [qtp1265210847-17] DEBUG (GodHandableAction@showAction():348) - #flow ...Beginning #action IntroAction@manifest()
2025-08-08 19:13:51,509 [qtp1265210847-13] DEBUG (GodHandableAction@showAction():348) - #flow ...Beginning #action ClientListAction@index()
2025-08-08 19:13:52,596 [qtp1265210847-29] DEBUG (LaTransaction@commit():210) - Commit transaction: [FormatId=4360, GlobalId=1754648031508/3, BranchId=]
2025-08-08 19:13:52,628 [qtp1265210847-29] DEBUG (GodHandableAction@showFinally():306) - #flow ...Calling back #finally for EngineAction
2025-08-08 19:13:52,696 [qtp1265210847-29] DEBUG (ResponseWritePerformer@showWritingResponse():75) - #flow ...Writing response as application/json; charset=UTF-8: 
{"latestReleaseVersion":"1.2.9","latestSnapshotVersion":"1.2.9"}
2025-08-08 19:13:52,731 [qtp1265210847-29] DEBUG (RequestLoggingFilter@after():480) - 
  responseClass=org.eclipse.jetty.server.Response ; committed=true
  ; httpStatus=200 ; contentType=application/json;charset=utf-8 ; locale=ja_JP
  [header] Content-Type=application/json;charset=utf-8
  [header] Date=Fri, 08 Aug 2025 10:13:51 GMT
  [header] Expires=Thu, 01 Jan 1970 00:00:00 GMT
  [header] Set-Cookie=JSESSIONID=node01102jupvlkivl1p3c8v9smkwhy4.node0; Path=/
  [request] engine_engineAction=org.dbflute.intro.app.web.engine.EngineAction@1c88435d
  [request] engine_engineAction_latest_Form=VirtualForm:{formMeta:{engine_engineAction_latest_Form, org.dbflute.intro.app.web.engine.EngineLatestBody, props=1}, realForm=org.dbflute.intro.app.web.engine.EngineLatestBody@53563d94}@1332c9a2
  [request] lastaflute.action.ACTION_RUMTIME=runtime:{/api/engine/latest, public JsonResponse<EngineLatestBean> EngineAction@latest(EngineLatestBody), pathParam:{{}}, JsonResponse:{EngineLatestBean}}
  [request] lastaflute.action.USER_LOCALE=ja
  [request] lastaflute.config.ACTION_EXECUTE=execute:{public JsonResponse<EngineLatestBean> EngineAction@latest(EngineLatestBody), urlPattern:{latest, ^latest$}}@d1a0e08
  [request] lastaflute.dbflute.SQL_COUNT={total=0}
  [request] org.eclipse.jetty.server.newSessionId=node01102jupvlkivl1p3c8v9smkwhy4
  [session] lastaflute.action.USER_LOCALE=ja
* * * * * * * * * * {END}: /api/engine/latest [00m01s528ms]


2025-08-08 19:13:52,845 [qtp1265210847-13] DEBUG (LaTransaction@commit():210) - Commit transaction: [FormatId=4360, GlobalId=1754648031508/0, BranchId=]
2025-08-08 19:13:52,845 [qtp1265210847-19] DEBUG (LaTransaction@commit():210) - Commit transaction: [FormatId=4360, GlobalId=1754648031508/2, BranchId=]
2025-08-08 19:13:52,846 [qtp1265210847-19] DEBUG (GodHandableAction@showFinally():306) - #flow ...Calling back #finally for EngineAction
2025-08-08 19:13:52,846 [qtp1265210847-13] DEBUG (GodHandableAction@showFinally():306) - #flow ...Calling back #finally for ClientListAction
2025-08-08 19:13:52,850 [qtp1265210847-13] DEBUG (ResponseWritePerformer@showWritingResponse():75) - #flow ...Writing response as application/json; charset=UTF-8: 
[]
2025-08-08 19:13:52,850 [qtp1265210847-19] DEBUG (ResponseWritePerformer@showWritingResponse():75) - #flow ...Writing response as application/json; charset=UTF-8: 
[]
2025-08-08 19:13:52,854 [qtp1265210847-19] DEBUG (RequestLoggingFilter@after():480) - 
  responseClass=org.eclipse.jetty.server.Response ; committed=true
  ; httpStatus=200 ; contentType=application/json;charset=utf-8 ; locale=ja_JP
  [header] Content-Type=application/json;charset=utf-8
  [header] Date=Fri, 08 Aug 2025 10:13:51 GMT
  [header] Expires=Thu, 01 Jan 1970 00:00:00 GMT
  [header] Set-Cookie=JSESSIONID=node04k9uoikh41w5z3oocqxez0oi3.node0; Path=/
  [request] engine_engineAction=org.dbflute.intro.app.web.engine.EngineAction@66a40b01
  [request] lastaflute.action.ACTION_RUMTIME=runtime:{/api/engine/versions, public JsonResponse<List<String>> EngineAction@versions(), pathParam:{{}}, JsonResponse:{ArrayList}}
  [request] lastaflute.action.USER_LOCALE=ja
  [request] lastaflute.config.ACTION_EXECUTE=execute:{public JsonResponse<List<String>> EngineAction@versions(), urlPattern:{versions, ^versions$}}@748b12f8
  [request] lastaflute.dbflute.SQL_COUNT={total=0}
  [request] org.eclipse.jetty.server.newSessionId=node04k9uoikh41w5z3oocqxez0oi3
  [session] lastaflute.action.USER_LOCALE=ja
* * * * * * * * * * {END}: /api/engine/versions [00m01s663ms]


2025-08-08 19:13:52,854 [qtp1265210847-13] DEBUG (RequestLoggingFilter@after():480) - 
  responseClass=org.eclipse.jetty.server.Response ; committed=true
  ; httpStatus=200 ; contentType=application/json;charset=utf-8 ; locale=ja_JP
  [header] Content-Type=application/json;charset=utf-8
  [header] Date=Fri, 08 Aug 2025 10:13:51 GMT
  [header] Expires=Thu, 01 Jan 1970 00:00:00 GMT
  [header] Set-Cookie=JSESSIONID=node01prxr4lccjmr11tlof876mmboh1.node0; Path=/
  [request] client_list_clientListAction=org.dbflute.intro.app.web.client.list.ClientListAction@194020c7
  [request] lastaflute.action.ACTION_RUMTIME=runtime:{/api/client/list, public JsonResponse<List<ClientRowResult>> ClientListAction@index(), pathParam:{{}}, JsonResponse:{ArrayList}}
  [request] lastaflute.action.USER_LOCALE=ja
  [request] lastaflute.config.ACTION_EXECUTE=execute:{public JsonResponse<List<ClientRowResult>> ClientListAction@index(), urlPattern:{, ^$}}@791bd7ee
  [request] lastaflute.dbflute.SQL_COUNT={total=0}
  [request] org.eclipse.jetty.server.newSessionId=node01prxr4lccjmr11tlof876mmboh1
  [session] lastaflute.action.USER_LOCALE=ja
* * * * * * * * * * {END}: /api/client/list [00m01s668ms]


2025-08-08 19:13:52,874 [qtp1265210847-17] DEBUG (LaTransaction@commit():210) - Commit transaction: [FormatId=4360, GlobalId=1754648031508/1, BranchId=]
2025-08-08 19:13:52,874 [qtp1265210847-30] DEBUG (LaTransaction@commit():210) - Commit transaction: [FormatId=4360, GlobalId=1754648031508/4, BranchId=]
2025-08-08 19:13:52,881 [qtp1265210847-17] DEBUG (GodHandableAction@showFinally():306) - #flow ...Calling back #finally for IntroAction
2025-08-08 19:13:52,882 [qtp1265210847-30] DEBUG (GodHandableAction@showFinally():306) - #flow ...Calling back #finally for IntroAction
2025-08-08 19:13:52,882 [qtp1265210847-30] DEBUG (ResponseWritePerformer@showWritingResponse():75) - #flow ...Writing response as application/json; charset=UTF-8: 
{"serverUrl":"http://null/","apiServerUrl":"http://null/api/"}
2025-08-08 19:13:52,882 [qtp1265210847-17] DEBUG (ResponseWritePerformer@showWritingResponse():75) - #flow ...Writing response as application/json; charset=UTF-8: 
{"Manifest-Version":"1.0","Implementation-Title":"dbflute-intro","Implementation-Version":"0.6.0","SCM-Branch":"master","SCM-Revision":"aa74dfb516c6b43693c7722bb3ec46a44b174ec4","Build-Timestamp":"2022/07/13 20:08:05.428","Jenkins-Build-Number":"","Main-Class":"org.dbflute.intro.IntroBoot"}
2025-08-08 19:13:52,886 [qtp1265210847-30] DEBUG (RequestLoggingFilter@after():480) - 
  responseClass=org.eclipse.jetty.server.Response ; committed=true
  ; httpStatus=200 ; contentType=application/json;charset=utf-8 ; locale=ja_JP
  [header] Content-Type=application/json;charset=utf-8
  [header] Date=Fri, 08 Aug 2025 10:13:51 GMT
  [header] Expires=Thu, 01 Jan 1970 00:00:00 GMT
  [header] Set-Cookie=JSESSIONID=node0228ujx8hi9t7h2077jknqmuk0.node0; Path=/
  [request] intro_introAction=org.dbflute.intro.app.web.intro.IntroAction@1bea8a5
  [request] lastaflute.action.ACTION_RUMTIME=runtime:{/api/intro/configuration, public JsonResponse<Map<String>> IntroAction@configuration(), pathParam:{{}}, JsonResponse:{LinkedHashMap}}
  [request] lastaflute.action.USER_LOCALE=ja
  [request] lastaflute.config.ACTION_EXECUTE=execute:{public JsonResponse<Map<String>> IntroAction@configuration(), urlPattern:{configuration, ^configuration$}}@1e3d53f7
  [request] lastaflute.dbflute.SQL_COUNT={total=0}
  [request] org.eclipse.jetty.server.newSessionId=node0228ujx8hi9t7h2077jknqmuk0
  [session] lastaflute.action.USER_LOCALE=ja
* * * * * * * * * * {END}: /api/intro/configuration [00m01s700ms]


2025-08-08 19:13:52,887 [qtp1265210847-17] DEBUG (RequestLoggingFilter@after():480) - 
  responseClass=org.eclipse.jetty.server.Response ; committed=true
  ; httpStatus=200 ; contentType=application/json;charset=utf-8 ; locale=ja_JP
  [header] Content-Type=application/json;charset=utf-8
  [header] Date=Fri, 08 Aug 2025 10:13:51 GMT
  [header] Expires=Thu, 01 Jan 1970 00:00:00 GMT
  [header] Set-Cookie=JSESSIONID=node01gkhtgltv7g381m1jf45dzcxe12.node0; Path=/
  [request] intro_introAction=org.dbflute.intro.app.web.intro.IntroAction@3f3d469f
  [request] lastaflute.action.ACTION_RUMTIME=runtime:{/api/intro/manifest, public JsonResponse<Map<String>> IntroAction@manifest(), pathParam:{{}}, JsonResponse:{LinkedHashMap}}
  [request] lastaflute.action.USER_LOCALE=ja
  [request] lastaflute.config.ACTION_EXECUTE=execute:{public JsonResponse<Map<String>> IntroAction@manifest(), urlPattern:{manifest, ^manifest$}}@2b528800
  [request] lastaflute.dbflute.SQL_COUNT={total=0}
  [request] org.eclipse.jetty.server.newSessionId=node01gkhtgltv7g381m1jf45dzcxe12
  [session] lastaflute.action.USER_LOCALE=ja
* * * * * * * * * * {END}: /api/intro/manifest [00m01s705ms]


2025-08-08 19:13:52,914 [qtp1265210847-46] DEBUG (RequestLoggingFilter@before():405) - * * * * * * * * * * {BEGIN}: /api/intro/classifications
  requestClass=org.eclipse.jetty.server.Request ; sessionId=node01gkhtgltv7g381m1jf45dzcxe12.node0
  ; url=http://localhost:8926/api/intro/classifications
  ; method=POST ; protocol=HTTP/1.1 ; scheme=http ; secure=false ; remoteAddr=[0:0:0:0:0:0:0:1] ; remoteHost=[0:0:0:0:0:0:0:1]
  ; characterEncoding=UTF-8 ; contentLength=0 ; contentType=null ; locale=ja ; locales=ja,en_US,en
  [header] Accept=*/*
  [header] Accept-Encoding=gzip, deflate, br, zstd
  [header] Accept-Language=ja,en-US;q=0.9,en;q=0.8
  [header] Connection=keep-alive
  [header] Content-Length=0
  [header] Cookie=JSESSIONID=node01gkhtgltv7g381m1jf45dzcxe12.node0
  [header] Host=localhost:8926
  [header] Origin=http://localhost:8926
  [header] Referer=http://localhost:8926/
  [header] Sec-Fetch-Dest=empty
  [header] Sec-Fetch-Mode=cors
  [header] Sec-Fetch-Site=same-origin
  [header] User-Agent=Mozilla/5.0 (Macintosh; Intel Mac OS X 10_15_7) AppleWebKit/537.36 (KHTML, like Gecko) Chrome/129.0.0.0 Safari/537.36
  [header] sec-ch-ua="Google Chrome";v="129", "Not=A?Brand";v="8", "Chromium";v="129"
  [header] sec-ch-ua-mobile=?0
  [header] sec-ch-ua-platform="macOS"
  [cookie] JSESSIONID=node01gkhtgltv7g381m1jf45dzcxe12.node0
  [session] lastaflute.action.USER_LOCALE=ja
2025-08-08 19:13:52,914 [qtp1265210847-14] DEBUG (RequestLoggingFilter@before():405) - * * * * * * * * * * {BEGIN}: /api/engine/latest
  requestClass=org.eclipse.jetty.server.Request ; sessionId=node01gkhtgltv7g381m1jf45dzcxe12.node0
  ; url=http://localhost:8926/api/engine/latest
  ; method=POST ; protocol=HTTP/1.1 ; scheme=http ; secure=false ; remoteAddr=[0:0:0:0:0:0:0:1] ; remoteHost=[0:0:0:0:0:0:0:1]
  ; characterEncoding=UTF-8 ; contentLength=0 ; contentType=null ; locale=ja ; locales=ja,en_US,en
  [header] Accept=*/*
  [header] Accept-Encoding=gzip, deflate, br, zstd
  [header] Accept-Language=ja,en-US;q=0.9,en;q=0.8
  [header] Connection=keep-alive
  [header] Content-Length=0
  [header] Cookie=JSESSIONID=node01gkhtgltv7g381m1jf45dzcxe12.node0
  [header] Host=localhost:8926
  [header] Origin=http://localhost:8926
  [header] Referer=http://localhost:8926/
  [header] Sec-Fetch-Dest=empty
  [header] Sec-Fetch-Mode=cors
  [header] Sec-Fetch-Site=same-origin
  [header] User-Agent=Mozilla/5.0 (Macintosh; Intel Mac OS X 10_15_7) AppleWebKit/537.36 (KHTML, like Gecko) Chrome/129.0.0.0 Safari/537.36
  [header] sec-ch-ua="Google Chrome";v="129", "Not=A?Brand";v="8", "Chromium";v="129"
  [header] sec-ch-ua-mobile=?0
  [header] sec-ch-ua-platform="macOS"
  [cookie] JSESSIONID=node01gkhtgltv7g381m1jf45dzcxe12.node0
  [session] lastaflute.action.USER_LOCALE=ja
2025-08-08 19:13:52,923 [qtp1265210847-14] DEBUG (RequestRoutingFilter@processAction():284) - ...Routing to action: name=engine_engineAction params={latest}
2025-08-08 19:13:52,923 [qtp1265210847-46] DEBUG (RequestRoutingFilter@processAction():284) - ...Routing to action: name=intro_introAction params={classifications}
2025-08-08 19:13:52,925 [qtp1265210847-14] DEBUG (RequestRoutingFilter@processAction():285) -  by the mapping path: /engine/latest
2025-08-08 19:13:52,926 [qtp1265210847-46] DEBUG (RequestRoutingFilter@processAction():285) -  by the mapping path: /intro/classifications
2025-08-08 19:13:52,928 [qtp1265210847-46] DEBUG (SimpleRequestManager@saveUserLocaleToSession():738) - ...Saving user locale to session: ja
2025-08-08 19:13:52,928 [qtp1265210847-14] DEBUG (SimpleRequestManager@saveUserLocaleToSession():738) - ...Saving user locale to session: ja
2025-08-08 19:13:52,929 [qtp1265210847-14] DEBUG (ActionFormMapper@prepareJsonFromRequestBody():235) - #flow ...Parsing JSON from request body: *empty body
2025-08-08 19:13:52,930 [qtp1265210847-14] DEBUG (GodHandableAction@showBefore():266) - #flow ...Calling back #before for EngineAction
2025-08-08 19:13:52,930 [qtp1265210847-46] DEBUG (GodHandableAction@showBefore():266) - #flow ...Calling back #before for IntroAction
2025-08-08 19:13:52,933 [qtp1265210847-14] DEBUG (LaTransaction@begin():83) - Begin transaction: [FormatId=4360, GlobalId=1754648031508/5, BranchId=]
2025-08-08 19:13:52,933 [qtp1265210847-14] DEBUG (GodHandableAction@showAction():348) - #flow ...Beginning #action EngineAction@latest()
2025-08-08 19:13:52,933 [qtp1265210847-46] DEBUG (LaTransaction@begin():83) - Begin transaction: [FormatId=4360, GlobalId=1754648031508/6, BranchId=]
2025-08-08 19:13:52,933 [qtp1265210847-46] DEBUG (GodHandableAction@showAction():348) - #flow ...Beginning #action IntroAction@classifications()
2025-08-08 19:13:52,936 [qtp1265210847-14] DEBUG (LaTransaction@commit():210) - Commit transaction: [FormatId=4360, GlobalId=1754648031508/5, BranchId=]
2025-08-08 19:13:52,937 [qtp1265210847-14] DEBUG (GodHandableAction@showFinally():306) - #flow ...Calling back #finally for EngineAction
2025-08-08 19:13:52,937 [qtp1265210847-14] DEBUG (ResponseWritePerformer@showWritingResponse():75) - #flow ...Writing response as application/json; charset=UTF-8: 
{"latestReleaseVersion":"1.2.9","latestSnapshotVersion":"1.2.9"}
2025-08-08 19:13:52,940 [qtp1265210847-46] DEBUG (XLog@log():43) - ...Initializing sqlExecution for the key 'CLS_TARGET_DATABASE:selectList(ClsTargetDatabaseCB):ClsTargetDatabase'
2025-08-08 19:13:52,941 [qtp1265210847-14] DEBUG (RequestLoggingFilter@after():480) - 
  responseClass=org.eclipse.jetty.server.Response ; committed=true
  ; httpStatus=200 ; contentType=application/json;charset=utf-8 ; locale=ja_JP
  [header] Content-Type=application/json;charset=utf-8
  [header] Date=Fri, 08 Aug 2025 10:13:52 GMT
  [request] engine_engineAction=org.dbflute.intro.app.web.engine.EngineAction@4538fd5e
  [request] engine_engineAction_latest_Form=VirtualForm:{formMeta:{engine_engineAction_latest_Form, org.dbflute.intro.app.web.engine.EngineLatestBody, props=1}, realForm=org.dbflute.intro.app.web.engine.EngineLatestBody@13feaca5}@5d7f54d4
  [request] lastaflute.action.ACTION_RUMTIME=runtime:{/api/engine/latest, public JsonResponse<EngineLatestBean> EngineAction@latest(EngineLatestBody), pathParam:{{}}, JsonResponse:{EngineLatestBean}}
  [request] lastaflute.action.USER_LOCALE=ja
  [request] lastaflute.config.ACTION_EXECUTE=execute:{public JsonResponse<EngineLatestBean> EngineAction@latest(EngineLatestBody), urlPattern:{latest, ^latest$}}@d1a0e08
  [request] lastaflute.dbflute.SQL_COUNT={total=0}
  [session] lastaflute.action.USER_LOCALE=ja
* * * * * * * * * * {END}: /api/engine/latest [00m00s029ms]


2025-08-08 19:13:52,948 [qtp1265210847-46] DEBUG (XLog@log():43) - SqlExecution Initialization Cost: [00m00s008ms]
2025-08-08 19:13:52,949 [qtp1265210847-46] DEBUG (XLog@log():43) - /======================================================================================
2025-08-08 19:13:52,949 [qtp1265210847-46] DEBUG (XLog@log():43) -                                                       ClsTargetDatabaseBhv.selectList()
2025-08-08 19:13:52,949 [qtp1265210847-46] DEBUG (XLog@log():43) -                                                       ================================/
2025-08-08 19:13:52,949 [qtp1265210847-46] DEBUG (XLog@log():43) - IntroAction.classifications():56 -> ...
2025-08-08 19:13:53,000 [qtp1265210847-46] DEBUG (QLog@log():43) - 
select dfloc.DATABASE_CODE as DATABASE_CODE, dfloc.DATABASE_NAME as DATABASE_NAME, dfloc.JDBC_DRIVER_FQCN as JDBC_DRIVER_FQCN, dfloc.URL_TEMPLATE as URL_TEMPLATE, dfloc.DEFAULT_SCHEMA as DEFAULT_SCHEMA, dfloc.SCHEMA_REQUIRED_FLG as SCHEMA_REQUIRED_FLG, dfloc.SCHEMA_UPPER_CASE_FLG as SCHEMA_UPPER_CASE_FLG, dfloc.USER_INPUT_ASSIST_FLG as USER_INPUT_ASSIST_FLG, dfloc.EMBEDDED_JAR_FLG as EMBEDDED_JAR_FLG, dfloc.DISPLAY_ORDER as DISPLAY_ORDER
  from CLS_TARGET_DATABASE dfloc 
 order by dfloc.DISPLAY_ORDER asc
-- org.dbflute.intro.app.web.intro.IntroAction@classifications(): (ITR)
2025-08-08 19:13:53,025 [qtp1265210847-46] DEBUG (XLog@log():43) - ===========/ [00m00s076ms (7) first={mysql, MySQL, com.mysql.jdbc.Driver, jdbc:mysql://localhost:3306/xxx, null, 0, 0, 0, 1, 1}@d8315fbf]
2025-08-08 19:13:53,026 [qtp1265210847-46] DEBUG (XLog@log():43) -  
2025-08-08 19:13:53,041 [qtp1265210847-46] DEBUG (LaTransaction@commit():210) - Commit transaction: [FormatId=4360, GlobalId=1754648031508/6, BranchId=]
2025-08-08 19:13:53,043 [qtp1265210847-46] DEBUG (GodHandableAction@showFinally():306) - #flow ...Calling back #finally for IntroAction
2025-08-08 19:13:53,047 [qtp1265210847-46] DEBUG (ResponseWritePerformer@showWritingResponse():75) - #flow ...Writing response as application/json; charset=UTF-8: 
{"targetDatabaseMap":{"mysql":{"databaseName":"MySQL","driverName":"com.mysql.jdbc.Driver","urlTemplate":"jdbc:mysql://localhost:3306/xxx","defaultSchema":null,"schemaRequired":false,"schemaUpperCase":false,"userInputAssist":false,"embeddedJar":true},"postgresql":{"databaseName":"PostgreSQL","driverName":"org.postgresql.Driver","urlTemplate":"jdbc:postgresql://localhost:5432/xxx","defaultSchema":"public","schemaRequired":true,"schemaUpperCase":false,"userInputAssist":false,"embeddedJar":true},"o...
2025-08-08 19:13:53,051 [qtp1265210847-46] DEBUG (RequestLoggingFilter@after():480) - 
  responseClass=org.eclipse.jetty.server.Response ; committed=true
  ; httpStatus=200 ; contentType=application/json;charset=utf-8 ; locale=ja_JP
  [header] Content-Type=application/json;charset=utf-8
  [header] Date=Fri, 08 Aug 2025 10:13:52 GMT
  [request] intro_introAction=org.dbflute.intro.app.web.intro.IntroAction@36bc9ff1
  [request] lastaflute.action.ACTION_RUMTIME=runtime:{/api/intro/classifications, public JsonResponse<Map<String>> IntroAction@classifications(), pathParam:{{}}, JsonResponse:{LinkedHashMap}}
  [request] lastaflute.action.USER_LOCALE=ja
  [request] lastaflute.config.ACTION_EXECUTE=execute:{public JsonResponse<Map<String>> IntroAction@classifications(), urlPattern:{classifications, ^classifications$}}@2b4f8ead
  [request] lastaflute.dbflute.SQL_COUNT={total=1, selectCB=1}
  [session] lastaflute.action.USER_LOCALE=ja
* * * * * * * * * * {END}: /api/intro/classifications [00m00s139ms]


2025-08-08 19:23:54,003 [LastaDi-JTA-TimeoutManager] DEBUG (ConnectionWrapperImpl@closeReally():142) - Closed the physical connection: 
HookedConnectionWrapper:{closed, xaConnection:{xaResource:{null, status=0}}@16a4a7a3}@18635b07
 latest checkOut(): /api/intro/classifications, JsonResponse classifications(), null, 1754648032999
 latest checkIn(): /api/intro/classifications, JsonResponse classifications(), null, 1754648033043
 closeReally(): caller1::org.lastaflute.db.dbcp.HookedConnectionWrapper@closeReally(), caller5::java.lang.Thread@run(), null, null
